[2017-10-25 13:52:32,858: DEBUG/MainProcess] | Worker: Preparing bootsteps.
[2017-10-25 13:52:32,859: DEBUG/MainProcess] | Worker: Building graph...
[2017-10-25 13:52:32,860: DEBUG/MainProcess] | Worker: New boot order: {Timer, Hub, Queues (intra), Pool, Autoreloader, Autoscaler, Beat, StateDB, Consumer}
[2017-10-25 13:52:32,866: DEBUG/MainProcess] | Consumer: Preparing bootsteps.
[2017-10-25 13:52:32,866: DEBUG/MainProcess] | Consumer: Building graph...
[2017-10-25 13:52:32,874: DEBUG/MainProcess] | Consumer: New boot order: {Connection, Events, Mingle, Tasks, Control, Heart, Agent, Gossip, event loop}
[2017-10-25 13:52:32,921: DEBUG/MainProcess] | Worker: Starting Hub
[2017-10-25 13:52:32,921: DEBUG/MainProcess] ^-- substep ok
[2017-10-25 13:52:32,922: DEBUG/MainProcess] | Worker: Starting Pool
[2017-10-25 13:52:33,025: DEBUG/MainProcess] ^-- substep ok
[2017-10-25 13:52:33,026: DEBUG/MainProcess] | Worker: Starting Consumer
[2017-10-25 13:52:33,026: DEBUG/MainProcess] | Consumer: Starting Connection
[2017-10-25 13:52:33,035: INFO/MainProcess] Connected to redis://localhost:6379/0
[2017-10-25 13:52:33,035: DEBUG/MainProcess] ^-- substep ok
[2017-10-25 13:52:33,035: DEBUG/MainProcess] | Consumer: Starting Events
[2017-10-25 13:52:33,041: DEBUG/MainProcess] ^-- substep ok
[2017-10-25 13:52:33,041: DEBUG/MainProcess] | Consumer: Starting Mingle
[2017-10-25 13:52:33,041: INFO/MainProcess] mingle: searching for neighbors
[2017-10-25 13:52:34,047: INFO/MainProcess] mingle: all alone
[2017-10-25 13:52:34,047: DEBUG/MainProcess] ^-- substep ok
[2017-10-25 13:52:34,048: DEBUG/MainProcess] | Consumer: Starting Tasks
[2017-10-25 13:52:34,058: DEBUG/MainProcess] ^-- substep ok
[2017-10-25 13:52:34,059: DEBUG/MainProcess] | Consumer: Starting Control
[2017-10-25 13:52:34,068: DEBUG/MainProcess] ^-- substep ok
[2017-10-25 13:52:34,069: DEBUG/MainProcess] | Consumer: Starting Heart
[2017-10-25 13:52:34,073: DEBUG/MainProcess] ^-- substep ok
[2017-10-25 13:52:34,074: DEBUG/MainProcess] | Consumer: Starting Gossip
[2017-10-25 13:52:34,080: DEBUG/MainProcess] ^-- substep ok
[2017-10-25 13:52:34,081: DEBUG/MainProcess] | Consumer: Starting event loop
[2017-10-25 13:52:34,082: WARNING/MainProcess] /home/admin3/Project/venv/local/lib/python2.7/site-packages/celery/fixups/django.py:265: UserWarning: Using settings.DEBUG leads to a memory leak, never use this setting in production environments!
  warnings.warn('Using settings.DEBUG leads to a memory leak, never '

[2017-10-25 13:52:34,083: WARNING/MainProcess] jj@priority_queue_worker ready.
[2017-10-25 13:52:34,084: DEBUG/MainProcess] | Worker: Hub.register Pool...
[2017-10-25 13:52:34,085: DEBUG/MainProcess] basic.qos: prefetch_count->16
[2017-10-25 13:52:34,264: DEBUG/MainProcess] pidbox received method enable_events() [reply_to:None ticket:None]
[2017-10-25 13:52:34,265: INFO/MainProcess] Events of group {task} enabled by remote.
[2017-10-25 13:52:34,302: INFO/MainProcess] Received task: app1.tasks.test[ba1d0ee7-c223-4c41-a2c6-af8e75388a6c]
[2017-10-25 13:52:34,305: DEBUG/MainProcess] TaskPool: Apply <function _fast_trace_task at 0x7f5c5005bf50> (args:(u'app1.tasks.test', u'ba1d0ee7-c223-4c41-a2c6-af8e75388a6c', [u'y=This is Test'], {}, {u'utc': True, u'is_eager': False, u'chord': None, u'group': None, u'args': [u'y=This is Test'], u'retries': 0, u'delivery_info': {u'priority': 0, u'redelivered': None, u'routing_key': 'priority_queue', u'exchange': 'priority_queue'}, u'expires': None, u'hostname': 'jj@priority_queue_worker', u'task': u'app1.tasks.test', u'callbacks': None, u'correlation_id': 'ba1d0ee7-c223-4c41-a2c6-af8e75388a6c', u'errbacks': None, u'timelimit': [None, None], u'taskset': None, u'kwargs': {}, u'eta': None, u'reply_to': '88e7e225-3128-3ef2-b26d-712b529447f9', u'id': u'ba1d0ee7-c223-4c41-a2c6-af8e75388a6c', u'headers': {}}) kwargs:{})
[2017-10-25 13:52:34,309: INFO/MainProcess] Received task: app1.tasks.test[daf95652-9f8c-4293-a828-7cb6431dc023]
[2017-10-25 13:52:34,312: DEBUG/MainProcess] TaskPool: Apply <function _fast_trace_task at 0x7f5c5005bf50> (args:(u'app1.tasks.test', u'daf95652-9f8c-4293-a828-7cb6431dc023', [u'y=This is Test'], {}, {u'utc': True, u'is_eager': False, u'chord': None, u'group': None, u'args': [u'y=This is Test'], u'retries': 0, u'delivery_info': {u'priority': 0, u'redelivered': None, u'routing_key': 'priority_queue', u'exchange': 'priority_queue'}, u'expires': None, u'hostname': 'jj@priority_queue_worker', u'task': u'app1.tasks.test', u'callbacks': None, u'correlation_id': 'daf95652-9f8c-4293-a828-7cb6431dc023', u'errbacks': None, u'timelimit': [None, None], u'taskset': None, u'kwargs': {}, u'eta': None, u'reply_to': '88e7e225-3128-3ef2-b26d-712b529447f9', u'id': u'daf95652-9f8c-4293-a828-7cb6431dc023', u'headers': {}}) kwargs:{})
[2017-10-25 13:52:34,320: DEBUG/MainProcess] Task accepted: app1.tasks.test[ba1d0ee7-c223-4c41-a2c6-af8e75388a6c] pid:7898
[2017-10-25 13:52:34,324: DEBUG/MainProcess] Task accepted: app1.tasks.test[daf95652-9f8c-4293-a828-7cb6431dc023] pid:7899
[2017-10-25 13:52:34,327: INFO/MainProcess] Task app1.tasks.test[ba1d0ee7-c223-4c41-a2c6-af8e75388a6c] succeeded in 0.010973079s: u'The test task executed with argument "y=This is Test" '
[2017-10-25 13:52:34,331: INFO/MainProcess] Task app1.tasks.test[daf95652-9f8c-4293-a828-7cb6431dc023] succeeded in 0.0142633549999s: u'The test task executed with argument "y=This is Test" '
[2017-10-25 13:52:34,334: INFO/MainProcess] Received task: app1.tasks.test[19436c54-9ead-4f91-af52-6396f714c8b5]
[2017-10-25 13:52:34,337: DEBUG/MainProcess] TaskPool: Apply <function _fast_trace_task at 0x7f5c5005bf50> (args:(u'app1.tasks.test', u'19436c54-9ead-4f91-af52-6396f714c8b5', [u'y=This is Test'], {}, {u'utc': True, u'is_eager': False, u'chord': None, u'group': None, u'args': [u'y=This is Test'], u'retries': 0, u'delivery_info': {u'priority': 0, u'redelivered': None, u'routing_key': 'priority_queue', u'exchange': 'priority_queue'}, u'expires': None, u'hostname': 'jj@priority_queue_worker', u'task': u'app1.tasks.test', u'callbacks': None, u'correlation_id': '19436c54-9ead-4f91-af52-6396f714c8b5', u'errbacks': None, u'timelimit': [None, None], u'taskset': None, u'kwargs': {}, u'eta': None, u'reply_to': '88e7e225-3128-3ef2-b26d-712b529447f9', u'id': u'19436c54-9ead-4f91-af52-6396f714c8b5', u'headers': {}}) kwargs:{})
[2017-10-25 13:52:34,344: DEBUG/MainProcess] Task accepted: app1.tasks.test[19436c54-9ead-4f91-af52-6396f714c8b5] pid:7897
[2017-10-25 13:52:34,348: INFO/MainProcess] Task app1.tasks.test[19436c54-9ead-4f91-af52-6396f714c8b5] succeeded in 0.00549573699982s: u'The test task executed with argument "y=This is Test" '
[2017-10-25 13:52:39,264: DEBUG/MainProcess] pidbox received method enable_events() [reply_to:None ticket:None]
[2017-10-25 13:52:44,264: DEBUG/MainProcess] pidbox received method enable_events() [reply_to:None ticket:None]
[2017-10-25 13:52:45,614: INFO/MainProcess] Received task: app1.tasks.test[049ca30a-8121-43ab-8be5-cbde0673ac9f]
[2017-10-25 13:52:45,617: DEBUG/MainProcess] TaskPool: Apply <function _fast_trace_task at 0x7f5c5005bf50> (args:(u'app1.tasks.test', u'049ca30a-8121-43ab-8be5-cbde0673ac9f', [u'y=This is Test'], {}, {u'utc': True, u'is_eager': False, u'chord': None, u'group': None, u'args': [u'y=This is Test'], u'retries': 0, u'delivery_info': {u'priority': 0, u'redelivered': None, u'routing_key': 'priority_queue', u'exchange': 'priority_queue'}, u'expires': None, u'hostname': 'jj@priority_queue_worker', u'task': u'app1.tasks.test', u'callbacks': None, u'correlation_id': '049ca30a-8121-43ab-8be5-cbde0673ac9f', u'errbacks': None, u'timelimit': [None, None], u'taskset': None, u'kwargs': {}, u'eta': None, u'reply_to': '88e7e225-3128-3ef2-b26d-712b529447f9', u'id': u'049ca30a-8121-43ab-8be5-cbde0673ac9f', u'headers': {}}) kwargs:{})
[2017-10-25 13:52:45,625: DEBUG/MainProcess] Task accepted: app1.tasks.test[049ca30a-8121-43ab-8be5-cbde0673ac9f] pid:7896
[2017-10-25 13:52:45,631: INFO/MainProcess] Task app1.tasks.test[049ca30a-8121-43ab-8be5-cbde0673ac9f] succeeded in 0.0073200249999s: u'The test task executed with argument "y=This is Test" '
[2017-10-25 13:52:47,227: INFO/MainProcess] Received task: app1.tasks.test[644419e5-3084-490b-81d0-1d7cb0a9e2ff]
[2017-10-25 13:52:47,230: DEBUG/MainProcess] TaskPool: Apply <function _fast_trace_task at 0x7f5c5005bf50> (args:(u'app1.tasks.test', u'644419e5-3084-490b-81d0-1d7cb0a9e2ff', [u'y=This is Test'], {}, {u'utc': True, u'is_eager': False, u'chord': None, u'group': None, u'args': [u'y=This is Test'], u'retries': 0, u'delivery_info': {u'priority': 0, u'redelivered': None, u'routing_key': 'priority_queue', u'exchange': 'priority_queue'}, u'expires': None, u'hostname': 'jj@priority_queue_worker', u'task': u'app1.tasks.test', u'callbacks': None, u'correlation_id': '644419e5-3084-490b-81d0-1d7cb0a9e2ff', u'errbacks': None, u'timelimit': [None, None], u'taskset': None, u'kwargs': {}, u'eta': None, u'reply_to': '88e7e225-3128-3ef2-b26d-712b529447f9', u'id': u'644419e5-3084-490b-81d0-1d7cb0a9e2ff', u'headers': {}}) kwargs:{})
[2017-10-25 13:52:47,238: DEBUG/MainProcess] Task accepted: app1.tasks.test[644419e5-3084-490b-81d0-1d7cb0a9e2ff] pid:7898
[2017-10-25 13:52:47,242: INFO/MainProcess] Task app1.tasks.test[644419e5-3084-490b-81d0-1d7cb0a9e2ff] succeeded in 0.00748042600026s: u'The test task executed with argument "y=This is Test" '
[2017-10-25 13:52:49,264: DEBUG/MainProcess] pidbox received method enable_events() [reply_to:None ticket:None]
[2017-10-25 13:52:54,264: DEBUG/MainProcess] pidbox received method enable_events() [reply_to:None ticket:None]
[2017-10-25 13:52:59,265: DEBUG/MainProcess] pidbox received method enable_events() [reply_to:None ticket:None]
[2017-10-25 13:53:04,264: DEBUG/MainProcess] pidbox received method enable_events() [reply_to:None ticket:None]
[2017-10-25 13:53:09,264: DEBUG/MainProcess] pidbox received method enable_events() [reply_to:None ticket:None]
[2017-10-25 13:53:14,265: DEBUG/MainProcess] pidbox received method enable_events() [reply_to:None ticket:None]
[2017-10-25 13:53:19,264: DEBUG/MainProcess] pidbox received method enable_events() [reply_to:None ticket:None]
[2017-10-25 13:53:24,264: DEBUG/MainProcess] pidbox received method enable_events() [reply_to:None ticket:None]
[2017-10-25 13:53:29,264: DEBUG/MainProcess] pidbox received method enable_events() [reply_to:None ticket:None]
[2017-10-25 13:53:34,264: DEBUG/MainProcess] pidbox received method enable_events() [reply_to:None ticket:None]
[2017-10-25 13:53:39,265: DEBUG/MainProcess] pidbox received method enable_events() [reply_to:None ticket:None]
[2017-10-25 13:53:44,264: DEBUG/MainProcess] pidbox received method enable_events() [reply_to:None ticket:None]
[2017-10-25 13:53:49,266: DEBUG/MainProcess] pidbox received method enable_events() [reply_to:None ticket:None]
[2017-10-25 13:53:54,264: DEBUG/MainProcess] pidbox received method enable_events() [reply_to:None ticket:None]
[2017-10-25 13:53:59,265: DEBUG/MainProcess] pidbox received method enable_events() [reply_to:None ticket:None]
[2017-10-25 13:54:04,264: DEBUG/MainProcess] pidbox received method enable_events() [reply_to:None ticket:None]
[2017-10-25 13:54:09,266: DEBUG/MainProcess] pidbox received method enable_events() [reply_to:None ticket:None]
[2017-10-25 13:54:12,961: DEBUG/MainProcess] | Worker: Closing Hub...
[2017-10-25 13:54:12,961: DEBUG/MainProcess] | Worker: Closing Pool...
[2017-10-25 13:54:12,961: DEBUG/MainProcess] | Worker: Closing Consumer...
[2017-10-25 13:54:12,961: DEBUG/MainProcess] | Worker: Stopping Consumer...
[2017-10-25 13:54:12,961: DEBUG/MainProcess] | Consumer: Closing Connection...
[2017-10-25 13:54:12,962: DEBUG/MainProcess] | Consumer: Closing Events...
[2017-10-25 13:54:12,962: DEBUG/MainProcess] | Consumer: Closing Mingle...
[2017-10-25 13:54:12,962: DEBUG/MainProcess] | Consumer: Closing Tasks...
[2017-10-25 13:54:12,962: DEBUG/MainProcess] | Consumer: Closing Control...
[2017-10-25 13:54:12,962: DEBUG/MainProcess] | Consumer: Closing Heart...
[2017-10-25 13:54:12,962: DEBUG/MainProcess] | Consumer: Closing Gossip...
[2017-10-25 13:54:12,962: DEBUG/MainProcess] | Consumer: Closing event loop...
[2017-10-25 13:54:12,962: DEBUG/MainProcess] | Consumer: Stopping event loop...
[2017-10-25 13:54:12,962: DEBUG/MainProcess] | Consumer: Stopping Gossip...
[2017-10-25 13:54:12,964: DEBUG/MainProcess] | Consumer: Stopping Heart...
[2017-10-25 13:54:12,964: DEBUG/MainProcess] | Consumer: Stopping Control...
[2017-10-25 13:54:12,966: DEBUG/MainProcess] | Consumer: Stopping Tasks...
[2017-10-25 13:54:12,966: DEBUG/MainProcess] Canceling task consumer...
[2017-10-25 13:54:12,966: DEBUG/MainProcess] | Consumer: Stopping Mingle...
[2017-10-25 13:54:12,966: DEBUG/MainProcess] | Consumer: Stopping Events...
[2017-10-25 13:54:12,966: DEBUG/MainProcess] | Consumer: Stopping Connection...
[2017-10-25 13:54:12,966: DEBUG/MainProcess] | Worker: Stopping Pool...
[2017-10-25 13:54:13,973: DEBUG/MainProcess] | Worker: Stopping Hub...
[2017-10-25 13:54:13,973: DEBUG/MainProcess] | Consumer: Shutdown Gossip...
[2017-10-25 13:54:13,974: DEBUG/MainProcess] | Consumer: Shutdown Heart...
[2017-10-25 13:54:13,974: DEBUG/MainProcess] | Consumer: Shutdown Control...
[2017-10-25 13:54:13,974: DEBUG/MainProcess] | Consumer: Shutdown Tasks...
[2017-10-25 13:54:13,974: DEBUG/MainProcess] Canceling task consumer...
[2017-10-25 13:54:13,975: DEBUG/MainProcess] Closing consumer channel...
[2017-10-25 13:54:13,975: DEBUG/MainProcess] | Consumer: Shutdown Events...
[2017-10-25 13:54:13,976: DEBUG/MainProcess] | Consumer: Shutdown Connection...
[2017-10-25 13:54:13,977: DEBUG/MainProcess] removing tasks from inqueue until task handler finished
[2017-10-25 13:55:21,171: DEBUG/MainProcess] | Worker: Preparing bootsteps.
[2017-10-25 13:55:21,173: DEBUG/MainProcess] | Worker: Building graph...
[2017-10-25 13:55:21,173: DEBUG/MainProcess] | Worker: New boot order: {Timer, Hub, Queues (intra), Pool, Autoscaler, StateDB, Autoreloader, Beat, Consumer}
[2017-10-25 13:55:21,181: DEBUG/MainProcess] | Consumer: Preparing bootsteps.
[2017-10-25 13:55:21,181: DEBUG/MainProcess] | Consumer: Building graph...
[2017-10-25 13:55:21,190: DEBUG/MainProcess] | Consumer: New boot order: {Connection, Events, Mingle, Tasks, Control, Agent, Heart, Gossip, event loop}
[2017-10-25 13:55:21,231: DEBUG/MainProcess] | Worker: Starting Hub
[2017-10-25 13:55:21,231: DEBUG/MainProcess] ^-- substep ok
[2017-10-25 13:55:21,232: DEBUG/MainProcess] | Worker: Starting Pool
[2017-10-25 13:55:21,358: DEBUG/MainProcess] ^-- substep ok
[2017-10-25 13:55:21,360: DEBUG/MainProcess] | Worker: Starting Consumer
[2017-10-25 13:55:21,363: DEBUG/MainProcess] | Consumer: Starting Connection
[2017-10-25 13:55:21,374: INFO/MainProcess] Connected to redis://localhost:6379/0
[2017-10-25 13:55:21,375: DEBUG/MainProcess] ^-- substep ok
[2017-10-25 13:55:21,375: DEBUG/MainProcess] | Consumer: Starting Events
[2017-10-25 13:55:21,383: DEBUG/MainProcess] ^-- substep ok
[2017-10-25 13:55:21,384: DEBUG/MainProcess] | Consumer: Starting Mingle
[2017-10-25 13:55:21,384: INFO/MainProcess] mingle: searching for neighbors
[2017-10-25 13:55:22,389: INFO/MainProcess] mingle: all alone
[2017-10-25 13:55:22,389: DEBUG/MainProcess] ^-- substep ok
[2017-10-25 13:55:22,389: DEBUG/MainProcess] | Consumer: Starting Tasks
[2017-10-25 13:55:22,392: DEBUG/MainProcess] ^-- substep ok
[2017-10-25 13:55:22,392: DEBUG/MainProcess] | Consumer: Starting Control
[2017-10-25 13:55:22,394: DEBUG/MainProcess] ^-- substep ok
[2017-10-25 13:55:22,395: DEBUG/MainProcess] | Consumer: Starting Heart
[2017-10-25 13:55:22,396: DEBUG/MainProcess] ^-- substep ok
[2017-10-25 13:55:22,396: DEBUG/MainProcess] | Consumer: Starting Gossip
[2017-10-25 13:55:22,399: DEBUG/MainProcess] ^-- substep ok
[2017-10-25 13:55:22,399: DEBUG/MainProcess] | Consumer: Starting event loop
[2017-10-25 13:55:22,400: WARNING/MainProcess] /home/admin3/Project/venv/local/lib/python2.7/site-packages/celery/fixups/django.py:265: UserWarning: Using settings.DEBUG leads to a memory leak, never use this setting in production environments!
  warnings.warn('Using settings.DEBUG leads to a memory leak, never '

[2017-10-25 13:55:22,401: WARNING/MainProcess] jj@priority_queue_worker ready.
[2017-10-25 13:55:22,401: DEBUG/MainProcess] | Worker: Hub.register Pool...
[2017-10-25 13:55:22,401: DEBUG/MainProcess] basic.qos: prefetch_count->16
[2017-10-25 13:55:22,961: DEBUG/MainProcess] less_queue_worker@priority_queue_worker joined the party
[2017-10-25 13:55:23,725: DEBUG/MainProcess] less_queue@priority_queue_worker joined the party
[2017-10-25 13:55:24,265: DEBUG/MainProcess] pidbox received method enable_events() [reply_to:None ticket:None]
[2017-10-25 13:55:24,266: INFO/MainProcess] Events of group {task} enabled by remote.
[2017-10-25 13:55:29,263: DEBUG/MainProcess] pidbox received method enable_events() [reply_to:None ticket:None]
[2017-10-25 13:55:34,265: DEBUG/MainProcess] pidbox received method enable_events() [reply_to:None ticket:None]
[2017-10-25 13:55:39,264: DEBUG/MainProcess] pidbox received method enable_events() [reply_to:None ticket:None]
[2017-10-25 13:55:44,266: DEBUG/MainProcess] pidbox received method enable_events() [reply_to:None ticket:None]
[2017-10-25 13:55:49,264: DEBUG/MainProcess] pidbox received method enable_events() [reply_to:None ticket:None]
[2017-10-25 13:55:54,264: DEBUG/MainProcess] pidbox received method enable_events() [reply_to:None ticket:None]
[2017-10-25 13:55:59,264: DEBUG/MainProcess] pidbox received method enable_events() [reply_to:None ticket:None]
[2017-10-25 13:56:04,264: DEBUG/MainProcess] pidbox received method enable_events() [reply_to:None ticket:None]
[2017-10-25 13:56:09,266: DEBUG/MainProcess] pidbox received method enable_events() [reply_to:None ticket:None]
[2017-10-25 13:56:09,718: DEBUG/MainProcess] | Worker: Closing Hub...
[2017-10-25 13:56:09,718: DEBUG/MainProcess] | Worker: Closing Pool...
[2017-10-25 13:56:09,718: DEBUG/MainProcess] | Worker: Closing Consumer...
[2017-10-25 13:56:09,718: DEBUG/MainProcess] | Worker: Stopping Consumer...
[2017-10-25 13:56:09,719: DEBUG/MainProcess] | Consumer: Closing Connection...
[2017-10-25 13:56:09,719: DEBUG/MainProcess] | Consumer: Closing Events...
[2017-10-25 13:56:09,719: DEBUG/MainProcess] | Consumer: Closing Mingle...
[2017-10-25 13:56:09,719: DEBUG/MainProcess] | Consumer: Closing Tasks...
[2017-10-25 13:56:09,719: DEBUG/MainProcess] | Consumer: Closing Control...
[2017-10-25 13:56:09,719: DEBUG/MainProcess] | Consumer: Closing Heart...
[2017-10-25 13:56:09,719: DEBUG/MainProcess] | Consumer: Closing Gossip...
[2017-10-25 13:56:09,719: DEBUG/MainProcess] | Consumer: Closing event loop...
[2017-10-25 13:56:09,719: DEBUG/MainProcess] | Consumer: Stopping event loop...
[2017-10-25 13:56:09,719: DEBUG/MainProcess] | Consumer: Stopping Gossip...
[2017-10-25 13:56:09,721: DEBUG/MainProcess] | Consumer: Stopping Heart...
[2017-10-25 13:56:09,722: DEBUG/MainProcess] | Consumer: Stopping Control...
[2017-10-25 13:56:09,725: DEBUG/MainProcess] | Consumer: Stopping Tasks...
[2017-10-25 13:56:09,725: DEBUG/MainProcess] Canceling task consumer...
[2017-10-25 13:56:09,725: DEBUG/MainProcess] | Consumer: Stopping Mingle...
[2017-10-25 13:56:09,725: DEBUG/MainProcess] | Consumer: Stopping Events...
[2017-10-25 13:56:09,725: DEBUG/MainProcess] | Consumer: Stopping Connection...
[2017-10-25 13:56:09,725: DEBUG/MainProcess] | Worker: Stopping Pool...
[2017-10-25 13:56:10,753: DEBUG/MainProcess] | Worker: Stopping Hub...
[2017-10-25 13:56:10,754: DEBUG/MainProcess] | Consumer: Shutdown Gossip...
[2017-10-25 13:56:10,755: DEBUG/MainProcess] | Consumer: Shutdown Heart...
[2017-10-25 13:56:10,755: DEBUG/MainProcess] | Consumer: Shutdown Control...
[2017-10-25 13:56:10,756: DEBUG/MainProcess] | Consumer: Shutdown Tasks...
[2017-10-25 13:56:10,757: DEBUG/MainProcess] Canceling task consumer...
[2017-10-25 13:56:10,758: DEBUG/MainProcess] Closing consumer channel...
[2017-10-25 13:56:10,759: DEBUG/MainProcess] | Consumer: Shutdown Events...
[2017-10-25 13:56:10,761: DEBUG/MainProcess] | Consumer: Shutdown Connection...
[2017-10-25 13:56:10,763: DEBUG/MainProcess] removing tasks from inqueue until task handler finished
