[2017-10-25 13:28:53,871: DEBUG/MainProcess] | Worker: Preparing bootsteps.
[2017-10-25 13:28:53,873: DEBUG/MainProcess] | Worker: Building graph...
[2017-10-25 13:28:53,873: DEBUG/MainProcess] | Worker: New boot order: {Timer, Hub, Queues (intra), Pool, Autoscaler, StateDB, Beat, Autoreloader, Consumer}
[2017-10-25 13:28:53,880: DEBUG/MainProcess] | Consumer: Preparing bootsteps.
[2017-10-25 13:28:53,880: DEBUG/MainProcess] | Consumer: Building graph...
[2017-10-25 13:28:53,888: DEBUG/MainProcess] | Consumer: New boot order: {Connection, Events, Mingle, Gossip, Tasks, Control, Heart, Agent, event loop}
[2017-10-25 13:28:53,928: DEBUG/MainProcess] | Worker: Starting Hub
[2017-10-25 13:28:53,928: DEBUG/MainProcess] ^-- substep ok
[2017-10-25 13:28:53,929: DEBUG/MainProcess] | Worker: Starting Pool
[2017-10-25 13:28:54,027: DEBUG/MainProcess] ^-- substep ok
[2017-10-25 13:28:54,029: DEBUG/MainProcess] | Worker: Starting Consumer
[2017-10-25 13:28:54,029: DEBUG/MainProcess] | Consumer: Starting Connection
[2017-10-25 13:28:54,036: INFO/MainProcess] Connected to redis://localhost:6379/0
[2017-10-25 13:28:54,036: DEBUG/MainProcess] ^-- substep ok
[2017-10-25 13:28:54,036: DEBUG/MainProcess] | Consumer: Starting Events
[2017-10-25 13:28:54,041: DEBUG/MainProcess] ^-- substep ok
[2017-10-25 13:28:54,041: DEBUG/MainProcess] | Consumer: Starting Mingle
[2017-10-25 13:28:54,041: INFO/MainProcess] mingle: searching for neighbors
[2017-10-25 13:28:55,047: INFO/MainProcess] mingle: all alone
[2017-10-25 13:28:55,048: DEBUG/MainProcess] ^-- substep ok
[2017-10-25 13:28:55,048: DEBUG/MainProcess] | Consumer: Starting Gossip
[2017-10-25 13:28:55,053: DEBUG/MainProcess] ^-- substep ok
[2017-10-25 13:28:55,054: DEBUG/MainProcess] | Consumer: Starting Tasks
[2017-10-25 13:28:55,055: DEBUG/MainProcess] ^-- substep ok
[2017-10-25 13:28:55,056: DEBUG/MainProcess] | Consumer: Starting Control
[2017-10-25 13:28:55,071: DEBUG/MainProcess] ^-- substep ok
[2017-10-25 13:28:55,071: DEBUG/MainProcess] | Consumer: Starting Heart
[2017-10-25 13:28:55,072: DEBUG/MainProcess] ^-- substep ok
[2017-10-25 13:28:55,072: DEBUG/MainProcess] | Consumer: Starting event loop
[2017-10-25 13:28:55,073: WARNING/MainProcess] /home/admin3/Project/venv/local/lib/python2.7/site-packages/celery/fixups/django.py:265: UserWarning: Using settings.DEBUG leads to a memory leak, never use this setting in production environments!
  warnings.warn('Using settings.DEBUG leads to a memory leak, never '

[2017-10-25 13:28:55,073: WARNING/MainProcess] less_queue_worker@admin3-Lenovo-V110-15ISK ready.
[2017-10-25 13:28:55,074: DEBUG/MainProcess] | Worker: Hub.register Pool...
[2017-10-25 13:28:55,074: DEBUG/MainProcess] basic.qos: prefetch_count->16
[2017-10-25 13:28:55,265: DEBUG/MainProcess] worker@admin3-Lenovo-V110-15ISK joined the party
[2017-10-25 13:28:56,395: DEBUG/MainProcess] priority_queue_worker@admin3-Lenovo-V110-15ISK joined the party
[2017-10-25 13:28:56,701: DEBUG/MainProcess] priority_queue@admin3-Lenovo-V110-15ISK joined the party
[2017-10-25 13:28:58,669: DEBUG/MainProcess] pidbox received method enable_events() [reply_to:None ticket:None]
[2017-10-25 13:28:58,670: INFO/MainProcess] Events of group {task} enabled by remote.
[2017-10-25 13:29:03,669: DEBUG/MainProcess] pidbox received method enable_events() [reply_to:None ticket:None]
[2017-10-25 13:29:08,669: DEBUG/MainProcess] pidbox received method enable_events() [reply_to:None ticket:None]
[2017-10-25 13:29:13,669: DEBUG/MainProcess] pidbox received method enable_events() [reply_to:None ticket:None]
[2017-10-25 13:29:18,669: DEBUG/MainProcess] pidbox received method enable_events() [reply_to:None ticket:None]
[2017-10-25 13:29:23,670: DEBUG/MainProcess] pidbox received method enable_events() [reply_to:None ticket:None]
[2017-10-25 13:29:28,669: DEBUG/MainProcess] pidbox received method enable_events() [reply_to:None ticket:None]
[2017-10-25 13:29:32,178: DEBUG/MainProcess] | Worker: Closing Hub...
[2017-10-25 13:29:32,179: DEBUG/MainProcess] | Worker: Closing Pool...
[2017-10-25 13:29:32,179: DEBUG/MainProcess] | Worker: Closing Consumer...
[2017-10-25 13:29:32,179: DEBUG/MainProcess] | Worker: Stopping Consumer...
[2017-10-25 13:29:32,179: DEBUG/MainProcess] | Consumer: Closing Connection...
[2017-10-25 13:29:32,179: DEBUG/MainProcess] | Consumer: Closing Events...
[2017-10-25 13:29:32,179: DEBUG/MainProcess] | Consumer: Closing Mingle...
[2017-10-25 13:29:32,179: DEBUG/MainProcess] | Consumer: Closing Gossip...
[2017-10-25 13:29:32,180: DEBUG/MainProcess] | Consumer: Closing Tasks...
[2017-10-25 13:29:32,180: DEBUG/MainProcess] | Consumer: Closing Control...
[2017-10-25 13:29:32,180: DEBUG/MainProcess] | Consumer: Closing Heart...
[2017-10-25 13:29:32,180: DEBUG/MainProcess] | Consumer: Closing event loop...
[2017-10-25 13:29:32,180: DEBUG/MainProcess] | Consumer: Stopping event loop...
[2017-10-25 13:29:32,180: DEBUG/MainProcess] | Consumer: Stopping Heart...
[2017-10-25 13:29:32,181: DEBUG/MainProcess] | Consumer: Stopping Control...
[2017-10-25 13:29:32,184: DEBUG/MainProcess] | Consumer: Stopping Tasks...
[2017-10-25 13:29:32,184: DEBUG/MainProcess] Canceling task consumer...
[2017-10-25 13:29:32,184: DEBUG/MainProcess] | Consumer: Stopping Gossip...
[2017-10-25 13:29:32,186: DEBUG/MainProcess] | Consumer: Stopping Mingle...
[2017-10-25 13:29:32,186: DEBUG/MainProcess] | Consumer: Stopping Events...
[2017-10-25 13:29:32,186: DEBUG/MainProcess] | Consumer: Stopping Connection...
[2017-10-25 13:29:32,186: DEBUG/MainProcess] | Worker: Stopping Pool...
[2017-10-25 13:29:33,217: DEBUG/MainProcess] | Worker: Stopping Hub...
[2017-10-25 13:29:33,218: DEBUG/MainProcess] | Consumer: Shutdown Heart...
[2017-10-25 13:29:33,218: DEBUG/MainProcess] | Consumer: Shutdown Control...
[2017-10-25 13:29:33,219: DEBUG/MainProcess] | Consumer: Shutdown Tasks...
[2017-10-25 13:29:33,219: DEBUG/MainProcess] Canceling task consumer...
[2017-10-25 13:29:33,220: DEBUG/MainProcess] Closing consumer channel...
[2017-10-25 13:29:33,220: DEBUG/MainProcess] | Consumer: Shutdown Gossip...
[2017-10-25 13:29:33,221: DEBUG/MainProcess] | Consumer: Shutdown Events...
[2017-10-25 13:29:33,222: DEBUG/MainProcess] | Consumer: Shutdown Connection...
[2017-10-25 13:29:33,223: DEBUG/MainProcess] removing tasks from inqueue until task handler finished
[2017-10-25 13:40:18,070: DEBUG/MainProcess] | Worker: Preparing bootsteps.
[2017-10-25 13:40:18,072: DEBUG/MainProcess] | Worker: Building graph...
[2017-10-25 13:40:18,072: DEBUG/MainProcess] | Worker: New boot order: {Timer, Hub, Queues (intra), Pool, Autoreloader, Autoscaler, Beat, StateDB, Consumer}
[2017-10-25 13:40:18,079: DEBUG/MainProcess] | Consumer: Preparing bootsteps.
[2017-10-25 13:40:18,079: DEBUG/MainProcess] | Consumer: Building graph...
[2017-10-25 13:40:18,086: DEBUG/MainProcess] | Consumer: New boot order: {Connection, Events, Mingle, Tasks, Control, Heart, Agent, Gossip, event loop}
[2017-10-25 13:40:18,140: DEBUG/MainProcess] | Worker: Starting Hub
[2017-10-25 13:40:18,140: DEBUG/MainProcess] ^-- substep ok
[2017-10-25 13:40:18,140: DEBUG/MainProcess] | Worker: Starting Pool
[2017-10-25 13:40:18,241: DEBUG/MainProcess] ^-- substep ok
[2017-10-25 13:40:18,241: DEBUG/MainProcess] | Worker: Starting Consumer
[2017-10-25 13:40:18,241: DEBUG/MainProcess] | Consumer: Starting Connection
[2017-10-25 13:40:18,249: INFO/MainProcess] Connected to redis://localhost:6379/0
[2017-10-25 13:40:18,250: DEBUG/MainProcess] ^-- substep ok
[2017-10-25 13:40:18,250: DEBUG/MainProcess] | Consumer: Starting Events
[2017-10-25 13:40:18,256: DEBUG/MainProcess] ^-- substep ok
[2017-10-25 13:40:18,256: DEBUG/MainProcess] | Consumer: Starting Mingle
[2017-10-25 13:40:18,256: INFO/MainProcess] mingle: searching for neighbors
[2017-10-25 13:40:19,263: INFO/MainProcess] mingle: all alone
[2017-10-25 13:40:19,264: DEBUG/MainProcess] ^-- substep ok
[2017-10-25 13:40:19,264: DEBUG/MainProcess] | Consumer: Starting Tasks
[2017-10-25 13:40:19,274: DEBUG/MainProcess] ^-- substep ok
[2017-10-25 13:40:19,274: DEBUG/MainProcess] | Consumer: Starting Control
[2017-10-25 13:40:19,279: DEBUG/MainProcess] ^-- substep ok
[2017-10-25 13:40:19,280: DEBUG/MainProcess] | Consumer: Starting Heart
[2017-10-25 13:40:19,285: DEBUG/MainProcess] ^-- substep ok
[2017-10-25 13:40:19,286: DEBUG/MainProcess] | Consumer: Starting Gossip
[2017-10-25 13:40:19,295: DEBUG/MainProcess] ^-- substep ok
[2017-10-25 13:40:19,295: DEBUG/MainProcess] | Consumer: Starting event loop
[2017-10-25 13:40:19,298: WARNING/MainProcess] /home/admin3/Project/venv/local/lib/python2.7/site-packages/celery/fixups/django.py:265: UserWarning: Using settings.DEBUG leads to a memory leak, never use this setting in production environments!
  warnings.warn('Using settings.DEBUG leads to a memory leak, never '

[2017-10-25 13:40:19,298: WARNING/MainProcess] less_queue_worker@priority_queue_worker ready.
[2017-10-25 13:40:19,299: DEBUG/MainProcess] | Worker: Hub.register Pool...
[2017-10-25 13:40:19,300: DEBUG/MainProcess] basic.qos: prefetch_count->16
[2017-10-25 13:40:20,535: DEBUG/MainProcess] worker@priority_queue_worker joined the party
[2017-10-25 13:40:20,807: DEBUG/MainProcess] priority_queue@priority_queue_worker joined the party
[2017-10-25 13:40:24,266: DEBUG/MainProcess] pidbox received method enable_events() [reply_to:None ticket:None]
[2017-10-25 13:40:24,267: INFO/MainProcess] Events of group {task} enabled by remote.
[2017-10-25 13:40:29,264: DEBUG/MainProcess] pidbox received method enable_events() [reply_to:None ticket:None]
[2017-10-25 13:40:34,262: DEBUG/MainProcess] pidbox received method enable_events() [reply_to:None ticket:None]
[2017-10-25 13:40:39,265: DEBUG/MainProcess] pidbox received method enable_events() [reply_to:None ticket:None]
[2017-10-25 13:40:44,265: DEBUG/MainProcess] pidbox received method enable_events() [reply_to:None ticket:None]
[2017-10-25 13:40:49,262: DEBUG/MainProcess] pidbox received method enable_events() [reply_to:None ticket:None]
[2017-10-25 13:40:49,477: DEBUG/MainProcess] | Worker: Closing Hub...
[2017-10-25 13:40:49,477: DEBUG/MainProcess] | Worker: Closing Pool...
[2017-10-25 13:40:49,477: DEBUG/MainProcess] | Worker: Closing Consumer...
[2017-10-25 13:40:49,478: DEBUG/MainProcess] | Worker: Stopping Consumer...
[2017-10-25 13:40:49,478: DEBUG/MainProcess] | Consumer: Closing Connection...
[2017-10-25 13:40:49,478: DEBUG/MainProcess] | Consumer: Closing Events...
[2017-10-25 13:40:49,478: DEBUG/MainProcess] | Consumer: Closing Mingle...
[2017-10-25 13:40:49,478: DEBUG/MainProcess] | Consumer: Closing Tasks...
[2017-10-25 13:40:49,478: DEBUG/MainProcess] | Consumer: Closing Control...
[2017-10-25 13:40:49,478: DEBUG/MainProcess] | Consumer: Closing Heart...
[2017-10-25 13:40:49,478: DEBUG/MainProcess] | Consumer: Closing Gossip...
[2017-10-25 13:40:49,478: DEBUG/MainProcess] | Consumer: Closing event loop...
[2017-10-25 13:40:49,479: DEBUG/MainProcess] | Consumer: Stopping event loop...
[2017-10-25 13:40:49,479: DEBUG/MainProcess] | Consumer: Stopping Gossip...
[2017-10-25 13:40:49,480: DEBUG/MainProcess] | Consumer: Stopping Heart...
[2017-10-25 13:40:49,481: DEBUG/MainProcess] | Consumer: Stopping Control...
[2017-10-25 13:40:49,483: DEBUG/MainProcess] | Consumer: Stopping Tasks...
[2017-10-25 13:40:49,483: DEBUG/MainProcess] Canceling task consumer...
[2017-10-25 13:40:49,483: DEBUG/MainProcess] | Consumer: Stopping Mingle...
[2017-10-25 13:40:49,484: DEBUG/MainProcess] | Consumer: Stopping Events...
[2017-10-25 13:40:49,484: DEBUG/MainProcess] | Consumer: Stopping Connection...
[2017-10-25 13:40:49,484: DEBUG/MainProcess] | Worker: Stopping Pool...
[2017-10-25 13:40:50,499: DEBUG/MainProcess] | Worker: Stopping Hub...
[2017-10-25 13:40:50,499: DEBUG/MainProcess] | Consumer: Shutdown Gossip...
[2017-10-25 13:40:50,499: DEBUG/MainProcess] | Consumer: Shutdown Heart...
[2017-10-25 13:40:50,499: DEBUG/MainProcess] | Consumer: Shutdown Control...
[2017-10-25 13:40:50,499: DEBUG/MainProcess] | Consumer: Shutdown Tasks...
[2017-10-25 13:40:50,499: DEBUG/MainProcess] Canceling task consumer...
[2017-10-25 13:40:50,500: DEBUG/MainProcess] Closing consumer channel...
[2017-10-25 13:40:50,500: DEBUG/MainProcess] | Consumer: Shutdown Events...
[2017-10-25 13:40:50,500: DEBUG/MainProcess] | Consumer: Shutdown Connection...
[2017-10-25 13:40:50,501: DEBUG/MainProcess] removing tasks from inqueue until task handler finished
[2017-10-25 13:41:00,051: DEBUG/MainProcess] | Worker: Preparing bootsteps.
[2017-10-25 13:41:00,053: DEBUG/MainProcess] | Worker: Building graph...
[2017-10-25 13:41:00,054: DEBUG/MainProcess] | Worker: New boot order: {Beat, StateDB, Timer, Hub, Queues (intra), Pool, Autoreloader, Autoscaler, Consumer}
[2017-10-25 13:41:00,061: DEBUG/MainProcess] | Consumer: Preparing bootsteps.
[2017-10-25 13:41:00,061: DEBUG/MainProcess] | Consumer: Building graph...
[2017-10-25 13:41:00,070: DEBUG/MainProcess] | Consumer: New boot order: {Connection, Events, Heart, Agent, Mingle, Tasks, Control, Gossip, event loop}
[2017-10-25 13:41:00,113: DEBUG/MainProcess] | Worker: Starting Hub
[2017-10-25 13:41:00,113: DEBUG/MainProcess] ^-- substep ok
[2017-10-25 13:41:00,113: DEBUG/MainProcess] | Worker: Starting Pool
[2017-10-25 13:41:00,197: DEBUG/MainProcess] ^-- substep ok
[2017-10-25 13:41:00,197: DEBUG/MainProcess] | Worker: Starting Consumer
[2017-10-25 13:41:00,198: DEBUG/MainProcess] | Consumer: Starting Connection
[2017-10-25 13:41:00,207: INFO/MainProcess] Connected to redis://localhost:6379/0
[2017-10-25 13:41:00,207: DEBUG/MainProcess] ^-- substep ok
[2017-10-25 13:41:00,207: DEBUG/MainProcess] | Consumer: Starting Events
[2017-10-25 13:41:00,214: DEBUG/MainProcess] ^-- substep ok
[2017-10-25 13:41:00,214: DEBUG/MainProcess] | Consumer: Starting Heart
[2017-10-25 13:41:00,215: DEBUG/MainProcess] ^-- substep ok
[2017-10-25 13:41:00,215: DEBUG/MainProcess] | Consumer: Starting Mingle
[2017-10-25 13:41:00,216: INFO/MainProcess] mingle: searching for neighbors
[2017-10-25 13:41:01,222: INFO/MainProcess] mingle: all alone
[2017-10-25 13:41:01,222: DEBUG/MainProcess] ^-- substep ok
[2017-10-25 13:41:01,223: DEBUG/MainProcess] | Consumer: Starting Tasks
[2017-10-25 13:41:01,233: DEBUG/MainProcess] ^-- substep ok
[2017-10-25 13:41:01,234: DEBUG/MainProcess] | Consumer: Starting Control
[2017-10-25 13:41:01,243: DEBUG/MainProcess] ^-- substep ok
[2017-10-25 13:41:01,243: DEBUG/MainProcess] | Consumer: Starting Gossip
[2017-10-25 13:41:01,252: DEBUG/MainProcess] ^-- substep ok
[2017-10-25 13:41:01,252: DEBUG/MainProcess] | Consumer: Starting event loop
[2017-10-25 13:41:01,254: WARNING/MainProcess] /home/admin3/Project/venv/local/lib/python2.7/site-packages/celery/fixups/django.py:265: UserWarning: Using settings.DEBUG leads to a memory leak, never use this setting in production environments!
  warnings.warn('Using settings.DEBUG leads to a memory leak, never '

[2017-10-25 13:41:01,254: WARNING/MainProcess] less_queue_worker@priority_queue_worker ready.
[2017-10-25 13:41:01,255: DEBUG/MainProcess] | Worker: Hub.register Pool...
[2017-10-25 13:41:01,256: DEBUG/MainProcess] basic.qos: prefetch_count->16
[2017-10-25 13:41:01,987: DEBUG/MainProcess] priority_queue@priority_queue_worker joined the party
[2017-10-25 13:41:04,264: DEBUG/MainProcess] pidbox received method enable_events() [reply_to:None ticket:None]
[2017-10-25 13:41:04,265: INFO/MainProcess] Events of group {task} enabled by remote.
[2017-10-25 13:41:09,264: DEBUG/MainProcess] pidbox received method enable_events() [reply_to:None ticket:None]
[2017-10-25 13:41:14,264: DEBUG/MainProcess] pidbox received method enable_events() [reply_to:None ticket:None]
[2017-10-25 13:41:19,265: DEBUG/MainProcess] pidbox received method enable_events() [reply_to:None ticket:None]
[2017-10-25 13:41:24,266: DEBUG/MainProcess] pidbox received method enable_events() [reply_to:None ticket:None]
[2017-10-25 13:41:29,263: DEBUG/MainProcess] pidbox received method enable_events() [reply_to:None ticket:None]
[2017-10-25 13:41:34,266: DEBUG/MainProcess] pidbox received method enable_events() [reply_to:None ticket:None]
[2017-10-25 13:41:39,262: DEBUG/MainProcess] pidbox received method enable_events() [reply_to:None ticket:None]
[2017-10-25 13:41:44,265: DEBUG/MainProcess] pidbox received method enable_events() [reply_to:None ticket:None]
[2017-10-25 13:41:49,264: DEBUG/MainProcess] pidbox received method enable_events() [reply_to:None ticket:None]
[2017-10-25 13:41:54,264: DEBUG/MainProcess] pidbox received method enable_events() [reply_to:None ticket:None]
[2017-10-25 13:41:59,262: DEBUG/MainProcess] pidbox received method enable_events() [reply_to:None ticket:None]
[2017-10-25 13:42:04,264: DEBUG/MainProcess] pidbox received method enable_events() [reply_to:None ticket:None]
[2017-10-25 13:42:09,266: DEBUG/MainProcess] pidbox received method enable_events() [reply_to:None ticket:None]
[2017-10-25 13:42:14,264: DEBUG/MainProcess] pidbox received method enable_events() [reply_to:None ticket:None]
[2017-10-25 13:42:19,265: DEBUG/MainProcess] pidbox received method enable_events() [reply_to:None ticket:None]
[2017-10-25 13:42:24,266: DEBUG/MainProcess] pidbox received method enable_events() [reply_to:None ticket:None]
[2017-10-25 13:42:29,264: DEBUG/MainProcess] pidbox received method enable_events() [reply_to:None ticket:None]
[2017-10-25 13:42:34,264: DEBUG/MainProcess] pidbox received method enable_events() [reply_to:None ticket:None]
[2017-10-25 13:42:39,264: DEBUG/MainProcess] pidbox received method enable_events() [reply_to:None ticket:None]
[2017-10-25 13:42:44,264: DEBUG/MainProcess] pidbox received method enable_events() [reply_to:None ticket:None]
[2017-10-25 13:42:49,264: DEBUG/MainProcess] pidbox received method enable_events() [reply_to:None ticket:None]
[2017-10-25 13:42:54,264: DEBUG/MainProcess] pidbox received method enable_events() [reply_to:None ticket:None]
[2017-10-25 13:42:59,267: DEBUG/MainProcess] pidbox received method enable_events() [reply_to:None ticket:None]
[2017-10-25 13:43:04,264: DEBUG/MainProcess] pidbox received method enable_events() [reply_to:None ticket:None]
[2017-10-25 13:43:09,264: DEBUG/MainProcess] pidbox received method enable_events() [reply_to:None ticket:None]
[2017-10-25 13:43:14,264: DEBUG/MainProcess] pidbox received method enable_events() [reply_to:None ticket:None]
[2017-10-25 13:43:19,264: DEBUG/MainProcess] pidbox received method enable_events() [reply_to:None ticket:None]
[2017-10-25 13:43:24,264: DEBUG/MainProcess] pidbox received method enable_events() [reply_to:None ticket:None]
[2017-10-25 13:43:29,264: DEBUG/MainProcess] pidbox received method enable_events() [reply_to:None ticket:None]
[2017-10-25 13:43:34,264: DEBUG/MainProcess] pidbox received method enable_events() [reply_to:None ticket:None]
[2017-10-25 13:43:39,265: DEBUG/MainProcess] pidbox received method enable_events() [reply_to:None ticket:None]
[2017-10-25 13:43:44,264: DEBUG/MainProcess] pidbox received method enable_events() [reply_to:None ticket:None]
[2017-10-25 13:43:49,266: DEBUG/MainProcess] pidbox received method enable_events() [reply_to:None ticket:None]
[2017-10-25 13:43:50,133: DEBUG/MainProcess] | Worker: Closing Hub...
[2017-10-25 13:43:50,133: DEBUG/MainProcess] | Worker: Closing Pool...
[2017-10-25 13:43:50,133: DEBUG/MainProcess] | Worker: Closing Consumer...
[2017-10-25 13:43:50,133: DEBUG/MainProcess] | Worker: Stopping Consumer...
[2017-10-25 13:43:50,134: DEBUG/MainProcess] | Consumer: Closing Connection...
[2017-10-25 13:43:50,134: DEBUG/MainProcess] | Consumer: Closing Events...
[2017-10-25 13:43:50,134: DEBUG/MainProcess] | Consumer: Closing Heart...
[2017-10-25 13:43:50,134: DEBUG/MainProcess] | Consumer: Closing Mingle...
[2017-10-25 13:43:50,134: DEBUG/MainProcess] | Consumer: Closing Tasks...
[2017-10-25 13:43:50,134: DEBUG/MainProcess] | Consumer: Closing Control...
[2017-10-25 13:43:50,134: DEBUG/MainProcess] | Consumer: Closing Gossip...
[2017-10-25 13:43:50,134: DEBUG/MainProcess] | Consumer: Closing event loop...
[2017-10-25 13:43:50,134: DEBUG/MainProcess] | Consumer: Stopping event loop...
[2017-10-25 13:43:50,134: DEBUG/MainProcess] | Consumer: Stopping Gossip...
[2017-10-25 13:43:50,136: DEBUG/MainProcess] | Consumer: Stopping Control...
[2017-10-25 13:43:50,137: DEBUG/MainProcess] | Consumer: Stopping Tasks...
[2017-10-25 13:43:50,138: DEBUG/MainProcess] Canceling task consumer...
[2017-10-25 13:43:50,138: DEBUG/MainProcess] | Consumer: Stopping Mingle...
[2017-10-25 13:43:50,138: DEBUG/MainProcess] | Consumer: Stopping Heart...
[2017-10-25 13:43:50,140: DEBUG/MainProcess] | Consumer: Stopping Events...
[2017-10-25 13:43:50,140: DEBUG/MainProcess] | Consumer: Stopping Connection...
[2017-10-25 13:43:50,140: DEBUG/MainProcess] | Worker: Stopping Pool...
[2017-10-25 13:43:51,161: DEBUG/MainProcess] | Worker: Stopping Hub...
[2017-10-25 13:43:51,162: DEBUG/MainProcess] | Consumer: Shutdown Gossip...
[2017-10-25 13:43:51,162: DEBUG/MainProcess] | Consumer: Shutdown Control...
[2017-10-25 13:43:51,163: DEBUG/MainProcess] | Consumer: Shutdown Tasks...
[2017-10-25 13:43:51,164: DEBUG/MainProcess] Canceling task consumer...
[2017-10-25 13:43:51,164: DEBUG/MainProcess] Closing consumer channel...
[2017-10-25 13:43:51,165: DEBUG/MainProcess] | Consumer: Shutdown Heart...
[2017-10-25 13:43:51,166: DEBUG/MainProcess] | Consumer: Shutdown Events...
[2017-10-25 13:43:51,167: DEBUG/MainProcess] | Consumer: Shutdown Connection...
[2017-10-25 13:43:51,169: DEBUG/MainProcess] removing tasks from inqueue until task handler finished
[2017-10-25 13:55:21,763: DEBUG/MainProcess] | Worker: Preparing bootsteps.
[2017-10-25 13:55:21,765: DEBUG/MainProcess] | Worker: Building graph...
[2017-10-25 13:55:21,765: DEBUG/MainProcess] | Worker: New boot order: {Timer, Hub, Queues (intra), Pool, Autoreloader, Autoscaler, Beat, StateDB, Consumer}
[2017-10-25 13:55:21,772: DEBUG/MainProcess] | Consumer: Preparing bootsteps.
[2017-10-25 13:55:21,772: DEBUG/MainProcess] | Consumer: Building graph...
[2017-10-25 13:55:21,781: DEBUG/MainProcess] | Consumer: New boot order: {Connection, Events, Mingle, Tasks, Control, Heart, Agent, Gossip, event loop}
[2017-10-25 13:55:21,826: DEBUG/MainProcess] | Worker: Starting Hub
[2017-10-25 13:55:21,826: DEBUG/MainProcess] ^-- substep ok
[2017-10-25 13:55:21,826: DEBUG/MainProcess] | Worker: Starting Pool
[2017-10-25 13:55:21,912: DEBUG/MainProcess] ^-- substep ok
[2017-10-25 13:55:21,913: DEBUG/MainProcess] | Worker: Starting Consumer
[2017-10-25 13:55:21,913: DEBUG/MainProcess] | Consumer: Starting Connection
[2017-10-25 13:55:21,921: INFO/MainProcess] Connected to redis://localhost:6379/0
[2017-10-25 13:55:21,922: DEBUG/MainProcess] ^-- substep ok
[2017-10-25 13:55:21,922: DEBUG/MainProcess] | Consumer: Starting Events
[2017-10-25 13:55:21,929: DEBUG/MainProcess] ^-- substep ok
[2017-10-25 13:55:21,929: DEBUG/MainProcess] | Consumer: Starting Mingle
[2017-10-25 13:55:21,929: INFO/MainProcess] mingle: searching for neighbors
[2017-10-25 13:55:22,936: INFO/MainProcess] mingle: all alone
[2017-10-25 13:55:22,936: DEBUG/MainProcess] ^-- substep ok
[2017-10-25 13:55:22,937: DEBUG/MainProcess] | Consumer: Starting Tasks
[2017-10-25 13:55:22,946: DEBUG/MainProcess] ^-- substep ok
[2017-10-25 13:55:22,947: DEBUG/MainProcess] | Consumer: Starting Control
[2017-10-25 13:55:22,955: DEBUG/MainProcess] ^-- substep ok
[2017-10-25 13:55:22,956: DEBUG/MainProcess] | Consumer: Starting Heart
[2017-10-25 13:55:22,959: DEBUG/MainProcess] ^-- substep ok
[2017-10-25 13:55:22,960: DEBUG/MainProcess] | Consumer: Starting Gossip
[2017-10-25 13:55:22,968: DEBUG/MainProcess] ^-- substep ok
[2017-10-25 13:55:22,969: DEBUG/MainProcess] | Consumer: Starting event loop
[2017-10-25 13:55:22,971: WARNING/MainProcess] /home/admin3/Project/venv/local/lib/python2.7/site-packages/celery/fixups/django.py:265: UserWarning: Using settings.DEBUG leads to a memory leak, never use this setting in production environments!
  warnings.warn('Using settings.DEBUG leads to a memory leak, never '

[2017-10-25 13:55:22,973: WARNING/MainProcess] less_queue_worker@priority_queue_worker ready.
[2017-10-25 13:55:22,973: DEBUG/MainProcess] | Worker: Hub.register Pool...
[2017-10-25 13:55:22,975: DEBUG/MainProcess] basic.qos: prefetch_count->16
[2017-10-25 13:55:23,725: DEBUG/MainProcess] less_queue@priority_queue_worker joined the party
[2017-10-25 13:55:24,265: DEBUG/MainProcess] pidbox received method enable_events() [reply_to:None ticket:None]
[2017-10-25 13:55:24,266: INFO/MainProcess] Events of group {task} enabled by remote.
[2017-10-25 13:55:24,402: DEBUG/MainProcess] jj@priority_queue_worker joined the party
[2017-10-25 13:55:29,263: DEBUG/MainProcess] pidbox received method enable_events() [reply_to:None ticket:None]
[2017-10-25 13:55:32,969: INFO/MainProcess] Received task: app1.tasks.test[fd9c7728-7ba5-4718-b55e-4b7da04c1418]
[2017-10-25 13:55:32,972: DEBUG/MainProcess] TaskPool: Apply <function _fast_trace_task at 0x7ff8a6da7f50> (args:(u'app1.tasks.test', u'fd9c7728-7ba5-4718-b55e-4b7da04c1418', [u'y=This is Test'], {}, {u'utc': True, u'is_eager': False, u'chord': None, u'group': None, u'args': [u'y=This is Test'], u'retries': 0, u'delivery_info': {u'priority': 0, u'redelivered': None, u'routing_key': 'priority_queue', u'exchange': 'priority_queue'}, u'expires': None, u'hostname': 'less_queue_worker@priority_queue_worker', u'task': u'app1.tasks.test', u'callbacks': None, u'correlation_id': 'fd9c7728-7ba5-4718-b55e-4b7da04c1418', u'errbacks': None, u'timelimit': [None, None], u'taskset': None, u'kwargs': {}, u'eta': None, u'reply_to': '88e7e225-3128-3ef2-b26d-712b529447f9', u'id': u'fd9c7728-7ba5-4718-b55e-4b7da04c1418', u'headers': {}}) kwargs:{})
[2017-10-25 13:55:32,986: DEBUG/MainProcess] Task accepted: app1.tasks.test[fd9c7728-7ba5-4718-b55e-4b7da04c1418] pid:8082
[2017-10-25 13:55:32,993: INFO/MainProcess] Task app1.tasks.test[fd9c7728-7ba5-4718-b55e-4b7da04c1418] succeeded in 0.00734091699996s: u'The test task executed with argument "y=This is Test" '
[2017-10-25 13:55:34,265: DEBUG/MainProcess] pidbox received method enable_events() [reply_to:None ticket:None]
[2017-10-25 13:55:39,265: DEBUG/MainProcess] pidbox received method enable_events() [reply_to:None ticket:None]
[2017-10-25 13:55:40,093: INFO/MainProcess] Received task: app1.tasks.test[df0fb1e9-aa54-4f1f-88fe-2f5b926d0280]
[2017-10-25 13:55:40,096: DEBUG/MainProcess] TaskPool: Apply <function _fast_trace_task at 0x7ff8a6da7f50> (args:(u'app1.tasks.test', u'df0fb1e9-aa54-4f1f-88fe-2f5b926d0280', [u'y=This is Test'], {}, {u'utc': True, u'is_eager': False, u'chord': None, u'group': None, u'args': [u'y=This is Test'], u'retries': 0, u'delivery_info': {u'priority': 0, u'redelivered': None, u'routing_key': 'priority_queue', u'exchange': 'priority_queue'}, u'expires': None, u'hostname': 'less_queue_worker@priority_queue_worker', u'task': u'app1.tasks.test', u'callbacks': None, u'correlation_id': 'df0fb1e9-aa54-4f1f-88fe-2f5b926d0280', u'errbacks': None, u'timelimit': [None, None], u'taskset': None, u'kwargs': {}, u'eta': None, u'reply_to': '88e7e225-3128-3ef2-b26d-712b529447f9', u'id': u'df0fb1e9-aa54-4f1f-88fe-2f5b926d0280', u'headers': {}}) kwargs:{})
[2017-10-25 13:55:40,104: DEBUG/MainProcess] Task accepted: app1.tasks.test[df0fb1e9-aa54-4f1f-88fe-2f5b926d0280] pid:8083
[2017-10-25 13:55:40,109: INFO/MainProcess] Task app1.tasks.test[df0fb1e9-aa54-4f1f-88fe-2f5b926d0280] succeeded in 0.00654106000002s: u'The test task executed with argument "y=This is Test" '
[2017-10-25 13:55:42,308: INFO/MainProcess] Received task: app1.tasks.test[50d2dee7-4a64-444a-80cb-915f1277dafe]
[2017-10-25 13:55:42,312: DEBUG/MainProcess] TaskPool: Apply <function _fast_trace_task at 0x7ff8a6da7f50> (args:(u'app1.tasks.test', u'50d2dee7-4a64-444a-80cb-915f1277dafe', [u'y=This is Test'], {}, {u'utc': True, u'is_eager': False, u'chord': None, u'group': None, u'args': [u'y=This is Test'], u'retries': 0, u'delivery_info': {u'priority': 0, u'redelivered': None, u'routing_key': 'priority_queue', u'exchange': 'priority_queue'}, u'expires': None, u'hostname': 'less_queue_worker@priority_queue_worker', u'task': u'app1.tasks.test', u'callbacks': None, u'correlation_id': '50d2dee7-4a64-444a-80cb-915f1277dafe', u'errbacks': None, u'timelimit': [None, None], u'taskset': None, u'kwargs': {}, u'eta': None, u'reply_to': '88e7e225-3128-3ef2-b26d-712b529447f9', u'id': u'50d2dee7-4a64-444a-80cb-915f1277dafe', u'headers': {}}) kwargs:{})
[2017-10-25 13:55:42,324: DEBUG/MainProcess] Task accepted: app1.tasks.test[50d2dee7-4a64-444a-80cb-915f1277dafe] pid:8080
[2017-10-25 13:55:42,331: INFO/MainProcess] Task app1.tasks.test[50d2dee7-4a64-444a-80cb-915f1277dafe] succeeded in 0.0116956449997s: u'The test task executed with argument "y=This is Test" '
[2017-10-25 13:55:43,416: INFO/MainProcess] Received task: app1.tasks.test[6d69e57d-b4a7-40b2-ac39-72581d3dcab0]
[2017-10-25 13:55:43,418: DEBUG/MainProcess] TaskPool: Apply <function _fast_trace_task at 0x7ff8a6da7f50> (args:(u'app1.tasks.test', u'6d69e57d-b4a7-40b2-ac39-72581d3dcab0', [u'y=This is Test'], {}, {u'utc': True, u'is_eager': False, u'chord': None, u'group': None, u'args': [u'y=This is Test'], u'retries': 0, u'delivery_info': {u'priority': 0, u'redelivered': None, u'routing_key': 'priority_queue', u'exchange': 'priority_queue'}, u'expires': None, u'hostname': 'less_queue_worker@priority_queue_worker', u'task': u'app1.tasks.test', u'callbacks': None, u'correlation_id': '6d69e57d-b4a7-40b2-ac39-72581d3dcab0', u'errbacks': None, u'timelimit': [None, None], u'taskset': None, u'kwargs': {}, u'eta': None, u'reply_to': '88e7e225-3128-3ef2-b26d-712b529447f9', u'id': u'6d69e57d-b4a7-40b2-ac39-72581d3dcab0', u'headers': {}}) kwargs:{})
[2017-10-25 13:55:43,421: DEBUG/MainProcess] Task accepted: app1.tasks.test[6d69e57d-b4a7-40b2-ac39-72581d3dcab0] pid:8081
[2017-10-25 13:55:43,423: INFO/MainProcess] Task app1.tasks.test[6d69e57d-b4a7-40b2-ac39-72581d3dcab0] succeeded in 0.00285254800019s: u'The test task executed with argument "y=This is Test" '
[2017-10-25 13:55:44,265: DEBUG/MainProcess] pidbox received method enable_events() [reply_to:None ticket:None]
[2017-10-25 13:55:49,265: DEBUG/MainProcess] pidbox received method enable_events() [reply_to:None ticket:None]
[2017-10-25 13:55:54,267: DEBUG/MainProcess] pidbox received method enable_events() [reply_to:None ticket:None]
[2017-10-25 13:55:59,268: DEBUG/MainProcess] pidbox received method enable_events() [reply_to:None ticket:None]
[2017-10-25 13:56:04,264: DEBUG/MainProcess] pidbox received method enable_events() [reply_to:None ticket:None]
[2017-10-25 13:56:09,265: DEBUG/MainProcess] pidbox received method enable_events() [reply_to:None ticket:None]
[2017-10-25 13:56:09,718: DEBUG/MainProcess] | Worker: Closing Hub...
[2017-10-25 13:56:09,718: DEBUG/MainProcess] | Worker: Closing Pool...
[2017-10-25 13:56:09,718: DEBUG/MainProcess] | Worker: Closing Consumer...
[2017-10-25 13:56:09,718: DEBUG/MainProcess] | Worker: Stopping Consumer...
[2017-10-25 13:56:09,719: DEBUG/MainProcess] | Consumer: Closing Connection...
[2017-10-25 13:56:09,719: DEBUG/MainProcess] | Consumer: Closing Events...
[2017-10-25 13:56:09,719: DEBUG/MainProcess] | Consumer: Closing Mingle...
[2017-10-25 13:56:09,719: DEBUG/MainProcess] | Consumer: Closing Tasks...
[2017-10-25 13:56:09,719: DEBUG/MainProcess] | Consumer: Closing Control...
[2017-10-25 13:56:09,719: DEBUG/MainProcess] | Consumer: Closing Heart...
[2017-10-25 13:56:09,719: DEBUG/MainProcess] | Consumer: Closing Gossip...
[2017-10-25 13:56:09,719: DEBUG/MainProcess] | Consumer: Closing event loop...
[2017-10-25 13:56:09,719: DEBUG/MainProcess] | Consumer: Stopping event loop...
[2017-10-25 13:56:09,719: DEBUG/MainProcess] | Consumer: Stopping Gossip...
[2017-10-25 13:56:09,721: DEBUG/MainProcess] | Consumer: Stopping Heart...
[2017-10-25 13:56:09,722: DEBUG/MainProcess] | Consumer: Stopping Control...
[2017-10-25 13:56:09,724: DEBUG/MainProcess] | Consumer: Stopping Tasks...
[2017-10-25 13:56:09,724: DEBUG/MainProcess] Canceling task consumer...
[2017-10-25 13:56:09,724: DEBUG/MainProcess] | Consumer: Stopping Mingle...
[2017-10-25 13:56:09,725: DEBUG/MainProcess] | Consumer: Stopping Events...
[2017-10-25 13:56:09,725: DEBUG/MainProcess] | Consumer: Stopping Connection...
[2017-10-25 13:56:09,725: DEBUG/MainProcess] | Worker: Stopping Pool...
[2017-10-25 13:56:10,756: DEBUG/MainProcess] | Worker: Stopping Hub...
[2017-10-25 13:56:10,757: DEBUG/MainProcess] | Consumer: Shutdown Gossip...
[2017-10-25 13:56:10,758: DEBUG/MainProcess] | Consumer: Shutdown Heart...
[2017-10-25 13:56:10,759: DEBUG/MainProcess] | Consumer: Shutdown Control...
[2017-10-25 13:56:10,759: DEBUG/MainProcess] | Consumer: Shutdown Tasks...
[2017-10-25 13:56:10,760: DEBUG/MainProcess] Canceling task consumer...
[2017-10-25 13:56:10,760: DEBUG/MainProcess] Closing consumer channel...
[2017-10-25 13:56:10,761: DEBUG/MainProcess] | Consumer: Shutdown Events...
[2017-10-25 13:56:10,762: DEBUG/MainProcess] | Consumer: Shutdown Connection...
[2017-10-25 13:56:10,764: DEBUG/MainProcess] removing tasks from inqueue until task handler finished
[2017-10-25 13:56:26,302: DEBUG/MainProcess] | Worker: Preparing bootsteps.
[2017-10-25 13:56:26,304: DEBUG/MainProcess] | Worker: Building graph...
[2017-10-25 13:56:26,305: DEBUG/MainProcess] | Worker: New boot order: {Timer, Hub, Queues (intra), Pool, Autoreloader, Autoscaler, Beat, StateDB, Consumer}
[2017-10-25 13:56:26,314: DEBUG/MainProcess] | Consumer: Preparing bootsteps.
[2017-10-25 13:56:26,314: DEBUG/MainProcess] | Consumer: Building graph...
[2017-10-25 13:56:26,324: DEBUG/MainProcess] | Consumer: New boot order: {Connection, Events, Mingle, Tasks, Control, Heart, Agent, Gossip, event loop}
[2017-10-25 13:56:26,360: DEBUG/MainProcess] | Worker: Starting Hub
[2017-10-25 13:56:26,360: DEBUG/MainProcess] ^-- substep ok
[2017-10-25 13:56:26,360: DEBUG/MainProcess] | Worker: Starting Pool
[2017-10-25 13:56:26,452: DEBUG/MainProcess] ^-- substep ok
[2017-10-25 13:56:26,452: DEBUG/MainProcess] | Worker: Starting Consumer
[2017-10-25 13:56:26,452: DEBUG/MainProcess] | Consumer: Starting Connection
[2017-10-25 13:56:26,460: INFO/MainProcess] Connected to redis://localhost:6379/0
[2017-10-25 13:56:26,460: DEBUG/MainProcess] ^-- substep ok
[2017-10-25 13:56:26,460: DEBUG/MainProcess] | Consumer: Starting Events
[2017-10-25 13:56:26,466: DEBUG/MainProcess] ^-- substep ok
[2017-10-25 13:56:26,467: DEBUG/MainProcess] | Consumer: Starting Mingle
[2017-10-25 13:56:26,467: INFO/MainProcess] mingle: searching for neighbors
[2017-10-25 13:56:27,473: INFO/MainProcess] mingle: all alone
[2017-10-25 13:56:27,473: DEBUG/MainProcess] ^-- substep ok
[2017-10-25 13:56:27,473: DEBUG/MainProcess] | Consumer: Starting Tasks
[2017-10-25 13:56:27,480: DEBUG/MainProcess] ^-- substep ok
[2017-10-25 13:56:27,481: DEBUG/MainProcess] | Consumer: Starting Control
[2017-10-25 13:56:27,487: DEBUG/MainProcess] ^-- substep ok
[2017-10-25 13:56:27,487: DEBUG/MainProcess] | Consumer: Starting Heart
[2017-10-25 13:56:27,490: DEBUG/MainProcess] ^-- substep ok
[2017-10-25 13:56:27,490: DEBUG/MainProcess] | Consumer: Starting Gossip
[2017-10-25 13:56:27,497: DEBUG/MainProcess] ^-- substep ok
[2017-10-25 13:56:27,498: DEBUG/MainProcess] | Consumer: Starting event loop
[2017-10-25 13:56:27,500: WARNING/MainProcess] /home/admin3/Project/venv/local/lib/python2.7/site-packages/celery/fixups/django.py:265: UserWarning: Using settings.DEBUG leads to a memory leak, never use this setting in production environments!
  warnings.warn('Using settings.DEBUG leads to a memory leak, never '

[2017-10-25 13:56:27,500: WARNING/MainProcess] less_queue_worker@priority_queue_worker ready.
[2017-10-25 13:56:27,501: DEBUG/MainProcess] | Worker: Hub.register Pool...
[2017-10-25 13:56:27,502: DEBUG/MainProcess] basic.qos: prefetch_count->16
[2017-10-25 13:56:27,731: DEBUG/MainProcess] q1@priority_queue_worker joined the party
[2017-10-25 13:56:28,788: DEBUG/MainProcess] less_queue@priority_queue_worker joined the party
[2017-10-25 13:56:29,265: DEBUG/MainProcess] pidbox received method enable_events() [reply_to:None ticket:None]
[2017-10-25 13:56:29,266: INFO/MainProcess] Events of group {task} enabled by remote.
[2017-10-25 13:56:29,445: DEBUG/MainProcess] q2@priority_queue_worker joined the party
[2017-10-25 13:56:34,265: DEBUG/MainProcess] pidbox received method enable_events() [reply_to:None ticket:None]
[2017-10-25 13:56:39,264: DEBUG/MainProcess] pidbox received method enable_events() [reply_to:None ticket:None]
[2017-10-25 13:56:44,265: DEBUG/MainProcess] pidbox received method enable_events() [reply_to:None ticket:None]
[2017-10-25 13:56:49,273: DEBUG/MainProcess] pidbox received method enable_events() [reply_to:None ticket:None]
[2017-10-25 13:56:54,268: DEBUG/MainProcess] pidbox received method enable_events() [reply_to:None ticket:None]
[2017-10-25 13:56:59,267: DEBUG/MainProcess] pidbox received method enable_events() [reply_to:None ticket:None]
[2017-10-25 13:57:04,265: DEBUG/MainProcess] pidbox received method enable_events() [reply_to:None ticket:None]
[2017-10-25 13:57:09,268: DEBUG/MainProcess] pidbox received method enable_events() [reply_to:None ticket:None]
[2017-10-25 13:57:14,267: DEBUG/MainProcess] pidbox received method enable_events() [reply_to:None ticket:None]
[2017-10-25 13:57:19,267: DEBUG/MainProcess] pidbox received method enable_events() [reply_to:None ticket:None]
[2017-10-25 13:57:24,267: DEBUG/MainProcess] pidbox received method enable_events() [reply_to:None ticket:None]
[2017-10-25 13:57:29,266: DEBUG/MainProcess] pidbox received method enable_events() [reply_to:None ticket:None]
[2017-10-25 13:57:34,265: DEBUG/MainProcess] pidbox received method enable_events() [reply_to:None ticket:None]
[2017-10-25 13:57:39,265: DEBUG/MainProcess] pidbox received method enable_events() [reply_to:None ticket:None]
[2017-10-25 13:57:44,268: DEBUG/MainProcess] pidbox received method enable_events() [reply_to:None ticket:None]
[2017-10-25 13:57:46,079: DEBUG/MainProcess] pidbox received method heartbeat() [reply_to:None ticket:None]
[2017-10-25 13:57:46,079: DEBUG/MainProcess] Heartbeat requested by remote.
[2017-10-25 13:57:46,083: DEBUG/MainProcess] pidbox received method dump_schedule(safe=False) [reply_to:{u'routing_key': u'd4c8684b-2cce-3183-9b42-5ee5b85816fe', u'exchange': u'reply.celery.pidbox'} ticket:739d8e99-31d9-4cf7-9dba-c292ac62f563]
[2017-10-25 13:57:46,085: DEBUG/MainProcess] pidbox received method stats() [reply_to:{u'routing_key': u'1120b684-d24e-3868-a554-aa1981b329a8', u'exchange': u'reply.celery.pidbox'} ticket:da1fb2e0-e191-4ef0-9585-03def26b7ead]
[2017-10-25 13:57:46,094: DEBUG/MainProcess] pidbox received method dump_tasks(taskinfoitems=[]) [reply_to:{u'routing_key': u'0cf9c424-1647-38bc-9672-e21a375dc0bd', u'exchange': u'reply.celery.pidbox'} ticket:565f6a88-0934-418c-acc5-cd8dc25eded9]
[2017-10-25 13:57:46,101: DEBUG/MainProcess] pidbox received method active_queues() [reply_to:{u'routing_key': u'69780381-54c5-37c7-8d4d-175fa6468c4c', u'exchange': u'reply.celery.pidbox'} ticket:769bce1f-64ac-40b6-8d28-1bf51decd4c5]
[2017-10-25 13:57:47,154: DEBUG/MainProcess] pidbox received method dump_active(safe=False) [reply_to:{u'routing_key': u'69780381-54c5-37c7-8d4d-175fa6468c4c', u'exchange': u'reply.celery.pidbox'} ticket:2ceb58c5-79ef-4f2a-9748-a06cabdb29f4]
[2017-10-25 13:57:47,166: DEBUG/MainProcess] pidbox received method dump_conf(with_defaults=False) [reply_to:{u'routing_key': u'1120b684-d24e-3868-a554-aa1981b329a8', u'exchange': u'reply.celery.pidbox'} ticket:2286443a-2b9b-4616-9c4a-c4df1c957994]
[2017-10-25 13:57:47,181: DEBUG/MainProcess] pidbox received method dump_reserved(safe=False) [reply_to:{u'routing_key': u'd4c8684b-2cce-3183-9b42-5ee5b85816fe', u'exchange': u'reply.celery.pidbox'} ticket:fa419e49-9f7b-4481-a73c-19d059a737b7]
[2017-10-25 13:57:47,182: DEBUG/MainProcess] pidbox received method dump_revoked() [reply_to:{u'routing_key': u'0cf9c424-1647-38bc-9672-e21a375dc0bd', u'exchange': u'reply.celery.pidbox'} ticket:d2d4af4c-1903-4c5f-9283-39c167431b1d]
[2017-10-25 13:57:51,043: DEBUG/MainProcess] pidbox received method enable_events() [reply_to:None ticket:None]
[2017-10-25 13:57:56,043: DEBUG/MainProcess] pidbox received method enable_events() [reply_to:None ticket:None]
[2017-10-25 13:58:01,043: DEBUG/MainProcess] pidbox received method enable_events() [reply_to:None ticket:None]
[2017-10-25 13:58:02,875: DEBUG/MainProcess] | Worker: Closing Hub...
[2017-10-25 13:58:02,875: DEBUG/MainProcess] | Worker: Closing Pool...
[2017-10-25 13:58:02,875: DEBUG/MainProcess] | Worker: Closing Consumer...
[2017-10-25 13:58:02,875: DEBUG/MainProcess] | Worker: Stopping Consumer...
[2017-10-25 13:58:02,876: DEBUG/MainProcess] | Consumer: Closing Connection...
[2017-10-25 13:58:02,876: DEBUG/MainProcess] | Consumer: Closing Events...
[2017-10-25 13:58:02,876: DEBUG/MainProcess] | Consumer: Closing Mingle...
[2017-10-25 13:58:02,876: DEBUG/MainProcess] | Consumer: Closing Tasks...
[2017-10-25 13:58:02,876: DEBUG/MainProcess] | Consumer: Closing Control...
[2017-10-25 13:58:02,876: DEBUG/MainProcess] | Consumer: Closing Heart...
[2017-10-25 13:58:02,876: DEBUG/MainProcess] | Consumer: Closing Gossip...
[2017-10-25 13:58:02,876: DEBUG/MainProcess] | Consumer: Closing event loop...
[2017-10-25 13:58:02,876: DEBUG/MainProcess] | Consumer: Stopping event loop...
[2017-10-25 13:58:02,877: DEBUG/MainProcess] | Consumer: Stopping Gossip...
[2017-10-25 13:58:02,881: DEBUG/MainProcess] | Consumer: Stopping Heart...
[2017-10-25 13:58:02,882: DEBUG/MainProcess] | Consumer: Stopping Control...
[2017-10-25 13:58:02,884: DEBUG/MainProcess] | Consumer: Stopping Tasks...
[2017-10-25 13:58:02,884: DEBUG/MainProcess] Canceling task consumer...
[2017-10-25 13:58:02,885: DEBUG/MainProcess] | Consumer: Stopping Mingle...
[2017-10-25 13:58:02,885: DEBUG/MainProcess] | Consumer: Stopping Events...
[2017-10-25 13:58:02,885: DEBUG/MainProcess] | Consumer: Stopping Connection...
[2017-10-25 13:58:02,885: DEBUG/MainProcess] | Worker: Stopping Pool...
[2017-10-25 13:58:03,917: DEBUG/MainProcess] | Worker: Stopping Hub...
[2017-10-25 13:58:03,918: DEBUG/MainProcess] | Consumer: Shutdown Gossip...
[2017-10-25 13:58:03,919: DEBUG/MainProcess] | Consumer: Shutdown Heart...
[2017-10-25 13:58:03,919: DEBUG/MainProcess] | Consumer: Shutdown Control...
[2017-10-25 13:58:03,920: DEBUG/MainProcess] | Consumer: Shutdown Tasks...
[2017-10-25 13:58:03,920: DEBUG/MainProcess] Canceling task consumer...
[2017-10-25 13:58:03,921: DEBUG/MainProcess] Closing consumer channel...
[2017-10-25 13:58:03,922: DEBUG/MainProcess] | Consumer: Shutdown Events...
[2017-10-25 13:58:03,923: DEBUG/MainProcess] | Consumer: Shutdown Connection...
[2017-10-25 13:58:03,929: DEBUG/MainProcess] removing tasks from inqueue until task handler finished
