[2017-10-25 13:56:25,179: DEBUG/MainProcess] | Worker: Preparing bootsteps.
[2017-10-25 13:56:25,181: DEBUG/MainProcess] | Worker: Building graph...
[2017-10-25 13:56:25,182: DEBUG/MainProcess] | Worker: New boot order: {Timer, Hub, Queues (intra), Pool, Autoreloader, Beat, Autoscaler, StateDB, Consumer}
[2017-10-25 13:56:25,192: DEBUG/MainProcess] | Consumer: Preparing bootsteps.
[2017-10-25 13:56:25,193: DEBUG/MainProcess] | Consumer: Building graph...
[2017-10-25 13:56:25,206: DEBUG/MainProcess] | Consumer: New boot order: {Connection, Agent, Events, Heart, Mingle, Gossip, Tasks, Control, event loop}
[2017-10-25 13:56:25,544: DEBUG/MainProcess] | Worker: Starting Hub
[2017-10-25 13:56:25,544: DEBUG/MainProcess] ^-- substep ok
[2017-10-25 13:56:25,544: DEBUG/MainProcess] | Worker: Starting Pool
[2017-10-25 13:56:25,697: DEBUG/MainProcess] ^-- substep ok
[2017-10-25 13:56:25,700: DEBUG/MainProcess] | Worker: Starting Consumer
[2017-10-25 13:56:25,700: DEBUG/MainProcess] | Consumer: Starting Connection
[2017-10-25 13:56:25,715: INFO/MainProcess] Connected to redis://localhost:6379/0
[2017-10-25 13:56:25,716: DEBUG/MainProcess] ^-- substep ok
[2017-10-25 13:56:25,716: DEBUG/MainProcess] | Consumer: Starting Events
[2017-10-25 13:56:25,724: DEBUG/MainProcess] ^-- substep ok
[2017-10-25 13:56:25,725: DEBUG/MainProcess] | Consumer: Starting Heart
[2017-10-25 13:56:25,727: DEBUG/MainProcess] ^-- substep ok
[2017-10-25 13:56:25,727: DEBUG/MainProcess] | Consumer: Starting Mingle
[2017-10-25 13:56:25,727: INFO/MainProcess] mingle: searching for neighbors
[2017-10-25 13:56:26,733: INFO/MainProcess] mingle: all alone
[2017-10-25 13:56:26,733: DEBUG/MainProcess] ^-- substep ok
[2017-10-25 13:56:26,734: DEBUG/MainProcess] | Consumer: Starting Gossip
[2017-10-25 13:56:26,740: DEBUG/MainProcess] ^-- substep ok
[2017-10-25 13:56:26,740: DEBUG/MainProcess] | Consumer: Starting Tasks
[2017-10-25 13:56:26,745: DEBUG/MainProcess] ^-- substep ok
[2017-10-25 13:56:26,746: DEBUG/MainProcess] | Consumer: Starting Control
[2017-10-25 13:56:26,751: DEBUG/MainProcess] ^-- substep ok
[2017-10-25 13:56:26,752: DEBUG/MainProcess] | Consumer: Starting event loop
[2017-10-25 13:56:26,753: WARNING/MainProcess] /home/admin3/Project/venv/local/lib/python2.7/site-packages/celery/fixups/django.py:265: UserWarning: Using settings.DEBUG leads to a memory leak, never use this setting in production environments!
  warnings.warn('Using settings.DEBUG leads to a memory leak, never '

[2017-10-25 13:56:26,754: WARNING/MainProcess] q1@priority_queue_worker ready.
[2017-10-25 13:56:26,754: DEBUG/MainProcess] | Worker: Hub.register Pool...
[2017-10-25 13:56:26,755: DEBUG/MainProcess] basic.qos: prefetch_count->16
[2017-10-25 13:56:26,784: DEBUG/MainProcess] less_queue@priority_queue_worker joined the party
[2017-10-25 13:56:27,440: DEBUG/MainProcess] q2@priority_queue_worker joined the party
[2017-10-25 13:56:27,490: DEBUG/MainProcess] less_queue_worker@priority_queue_worker joined the party
[2017-10-25 13:56:29,265: DEBUG/MainProcess] pidbox received method enable_events() [reply_to:None ticket:None]
[2017-10-25 13:56:29,266: INFO/MainProcess] Events of group {task} enabled by remote.
[2017-10-25 13:56:34,266: DEBUG/MainProcess] pidbox received method enable_events() [reply_to:None ticket:None]
[2017-10-25 13:56:39,265: DEBUG/MainProcess] pidbox received method enable_events() [reply_to:None ticket:None]
[2017-10-25 13:56:44,265: DEBUG/MainProcess] pidbox received method enable_events() [reply_to:None ticket:None]
[2017-10-25 13:56:49,264: DEBUG/MainProcess] pidbox received method enable_events() [reply_to:None ticket:None]
[2017-10-25 13:56:54,266: DEBUG/MainProcess] pidbox received method enable_events() [reply_to:None ticket:None]
[2017-10-25 13:56:59,265: DEBUG/MainProcess] pidbox received method enable_events() [reply_to:None ticket:None]
[2017-10-25 13:57:04,265: DEBUG/MainProcess] pidbox received method enable_events() [reply_to:None ticket:None]
[2017-10-25 13:57:09,265: DEBUG/MainProcess] pidbox received method enable_events() [reply_to:None ticket:None]
[2017-10-25 13:57:14,264: DEBUG/MainProcess] pidbox received method enable_events() [reply_to:None ticket:None]
[2017-10-25 13:57:19,264: DEBUG/MainProcess] pidbox received method enable_events() [reply_to:None ticket:None]
[2017-10-25 13:57:24,265: DEBUG/MainProcess] pidbox received method enable_events() [reply_to:None ticket:None]
[2017-10-25 13:57:29,264: DEBUG/MainProcess] pidbox received method enable_events() [reply_to:None ticket:None]
[2017-10-25 13:57:34,264: DEBUG/MainProcess] pidbox received method enable_events() [reply_to:None ticket:None]
[2017-10-25 13:57:37,373: INFO/MainProcess] Received task: app1.tasks.test[889f8eb9-5898-4a6f-97b6-78a427c7c928]
[2017-10-25 13:57:37,375: DEBUG/MainProcess] TaskPool: Apply <function _fast_trace_task at 0x7f631524af50> (args:(u'app1.tasks.test', u'889f8eb9-5898-4a6f-97b6-78a427c7c928', [u'y=This is Test'], {}, {u'utc': True, u'is_eager': False, u'chord': None, u'group': None, u'args': [u'y=This is Test'], u'retries': 0, u'delivery_info': {u'priority': 0, u'redelivered': None, u'routing_key': 'priority_queue', u'exchange': 'priority_queue'}, u'expires': None, u'hostname': 'q1@priority_queue_worker', u'task': u'app1.tasks.test', u'callbacks': None, u'correlation_id': '889f8eb9-5898-4a6f-97b6-78a427c7c928', u'errbacks': None, u'timelimit': [None, None], u'taskset': None, u'kwargs': {}, u'eta': None, u'reply_to': '88e7e225-3128-3ef2-b26d-712b529447f9', u'id': u'889f8eb9-5898-4a6f-97b6-78a427c7c928', u'headers': {}}) kwargs:{})
[2017-10-25 13:57:37,376: DEBUG/MainProcess] Task accepted: app1.tasks.test[889f8eb9-5898-4a6f-97b6-78a427c7c928] pid:8174
[2017-10-25 13:57:37,378: INFO/MainProcess] Task app1.tasks.test[889f8eb9-5898-4a6f-97b6-78a427c7c928] succeeded in 0.00165005500003s: u'The test task executed with argument "y=This is Test" '
[2017-10-25 13:57:39,265: DEBUG/MainProcess] pidbox received method enable_events() [reply_to:None ticket:None]
[2017-10-25 13:57:44,265: DEBUG/MainProcess] pidbox received method enable_events() [reply_to:None ticket:None]
[2017-10-25 13:57:46,079: DEBUG/MainProcess] pidbox received method heartbeat() [reply_to:None ticket:None]
[2017-10-25 13:57:46,079: DEBUG/MainProcess] Heartbeat requested by remote.
[2017-10-25 13:57:46,083: DEBUG/MainProcess] pidbox received method dump_schedule(safe=False) [reply_to:{u'routing_key': u'd4c8684b-2cce-3183-9b42-5ee5b85816fe', u'exchange': u'reply.celery.pidbox'} ticket:739d8e99-31d9-4cf7-9dba-c292ac62f563]
[2017-10-25 13:57:46,085: DEBUG/MainProcess] pidbox received method stats() [reply_to:{u'routing_key': u'1120b684-d24e-3868-a554-aa1981b329a8', u'exchange': u'reply.celery.pidbox'} ticket:da1fb2e0-e191-4ef0-9585-03def26b7ead]
[2017-10-25 13:57:46,094: DEBUG/MainProcess] pidbox received method dump_tasks(taskinfoitems=[]) [reply_to:{u'routing_key': u'0cf9c424-1647-38bc-9672-e21a375dc0bd', u'exchange': u'reply.celery.pidbox'} ticket:565f6a88-0934-418c-acc5-cd8dc25eded9]
[2017-10-25 13:57:46,101: DEBUG/MainProcess] pidbox received method active_queues() [reply_to:{u'routing_key': u'69780381-54c5-37c7-8d4d-175fa6468c4c', u'exchange': u'reply.celery.pidbox'} ticket:769bce1f-64ac-40b6-8d28-1bf51decd4c5]
[2017-10-25 13:57:47,153: DEBUG/MainProcess] pidbox received method dump_active(safe=False) [reply_to:{u'routing_key': u'69780381-54c5-37c7-8d4d-175fa6468c4c', u'exchange': u'reply.celery.pidbox'} ticket:2ceb58c5-79ef-4f2a-9748-a06cabdb29f4]
[2017-10-25 13:57:47,162: DEBUG/MainProcess] pidbox received method dump_conf(with_defaults=False) [reply_to:{u'routing_key': u'1120b684-d24e-3868-a554-aa1981b329a8', u'exchange': u'reply.celery.pidbox'} ticket:2286443a-2b9b-4616-9c4a-c4df1c957994]
[2017-10-25 13:57:47,179: DEBUG/MainProcess] pidbox received method dump_reserved(safe=False) [reply_to:{u'routing_key': u'd4c8684b-2cce-3183-9b42-5ee5b85816fe', u'exchange': u'reply.celery.pidbox'} ticket:fa419e49-9f7b-4481-a73c-19d059a737b7]
[2017-10-25 13:57:51,043: DEBUG/MainProcess] pidbox received method dump_revoked() [reply_to:{u'routing_key': u'0cf9c424-1647-38bc-9672-e21a375dc0bd', u'exchange': u'reply.celery.pidbox'} ticket:d2d4af4c-1903-4c5f-9283-39c167431b1d]
[2017-10-25 13:57:51,053: DEBUG/MainProcess] pidbox received method enable_events() [reply_to:None ticket:None]
[2017-10-25 13:57:56,043: DEBUG/MainProcess] pidbox received method enable_events() [reply_to:None ticket:None]
[2017-10-25 13:58:01,043: DEBUG/MainProcess] pidbox received method enable_events() [reply_to:None ticket:None]
[2017-10-25 13:58:02,875: DEBUG/MainProcess] | Worker: Closing Hub...
[2017-10-25 13:58:02,875: DEBUG/MainProcess] | Worker: Closing Pool...
[2017-10-25 13:58:02,875: DEBUG/MainProcess] | Worker: Closing Consumer...
[2017-10-25 13:58:02,875: DEBUG/MainProcess] | Worker: Stopping Consumer...
[2017-10-25 13:58:02,876: DEBUG/MainProcess] | Consumer: Closing Connection...
[2017-10-25 13:58:02,876: DEBUG/MainProcess] | Consumer: Closing Events...
[2017-10-25 13:58:02,876: DEBUG/MainProcess] | Consumer: Closing Heart...
[2017-10-25 13:58:02,876: DEBUG/MainProcess] | Consumer: Closing Mingle...
[2017-10-25 13:58:02,876: DEBUG/MainProcess] | Consumer: Closing Gossip...
[2017-10-25 13:58:02,876: DEBUG/MainProcess] | Consumer: Closing Tasks...
[2017-10-25 13:58:02,876: DEBUG/MainProcess] | Consumer: Closing Control...
[2017-10-25 13:58:02,876: DEBUG/MainProcess] | Consumer: Closing event loop...
[2017-10-25 13:58:02,876: DEBUG/MainProcess] | Consumer: Stopping event loop...
[2017-10-25 13:58:02,877: DEBUG/MainProcess] | Consumer: Stopping Control...
[2017-10-25 13:58:02,883: DEBUG/MainProcess] | Consumer: Stopping Tasks...
[2017-10-25 13:58:02,883: DEBUG/MainProcess] Canceling task consumer...
[2017-10-25 13:58:02,883: DEBUG/MainProcess] | Consumer: Stopping Gossip...
[2017-10-25 13:58:02,887: DEBUG/MainProcess] | Consumer: Stopping Mingle...
[2017-10-25 13:58:02,887: DEBUG/MainProcess] | Consumer: Stopping Heart...
[2017-10-25 13:58:02,888: DEBUG/MainProcess] | Consumer: Stopping Events...
[2017-10-25 13:58:02,888: DEBUG/MainProcess] | Consumer: Stopping Connection...
[2017-10-25 13:58:02,888: DEBUG/MainProcess] | Worker: Stopping Pool...
[2017-10-25 13:58:03,932: DEBUG/MainProcess] | Worker: Stopping Hub...
[2017-10-25 13:58:03,933: DEBUG/MainProcess] | Consumer: Shutdown Control...
[2017-10-25 13:58:03,933: DEBUG/MainProcess] | Consumer: Shutdown Tasks...
[2017-10-25 13:58:03,934: DEBUG/MainProcess] Canceling task consumer...
[2017-10-25 13:58:03,934: DEBUG/MainProcess] Closing consumer channel...
[2017-10-25 13:58:03,935: DEBUG/MainProcess] | Consumer: Shutdown Gossip...
[2017-10-25 13:58:03,935: DEBUG/MainProcess] | Consumer: Shutdown Heart...
[2017-10-25 13:58:03,935: DEBUG/MainProcess] | Consumer: Shutdown Events...
[2017-10-25 13:58:03,937: DEBUG/MainProcess] | Consumer: Shutdown Connection...
[2017-10-25 13:58:03,940: DEBUG/MainProcess] removing tasks from inqueue until task handler finished
