[2017-10-25 13:56:26,244: DEBUG/MainProcess] | Worker: Preparing bootsteps.
[2017-10-25 13:56:26,246: DEBUG/MainProcess] | Worker: Building graph...
[2017-10-25 13:56:26,246: DEBUG/MainProcess] | Worker: New boot order: {Beat, StateDB, Timer, Hub, Queues (intra), Pool, Autoscaler, Autoreloader, Consumer}
[2017-10-25 13:56:26,254: DEBUG/MainProcess] | Consumer: Preparing bootsteps.
[2017-10-25 13:56:26,254: DEBUG/MainProcess] | Consumer: Building graph...
[2017-10-25 13:56:26,265: DEBUG/MainProcess] | Consumer: New boot order: {Connection, Events, Mingle, Tasks, Control, Heart, Agent, Gossip, event loop}
[2017-10-25 13:56:26,306: DEBUG/MainProcess] | Worker: Starting Hub
[2017-10-25 13:56:26,306: DEBUG/MainProcess] ^-- substep ok
[2017-10-25 13:56:26,306: DEBUG/MainProcess] | Worker: Starting Pool
[2017-10-25 13:56:26,397: DEBUG/MainProcess] ^-- substep ok
[2017-10-25 13:56:26,397: DEBUG/MainProcess] | Worker: Starting Consumer
[2017-10-25 13:56:26,398: DEBUG/MainProcess] | Consumer: Starting Connection
[2017-10-25 13:56:26,406: INFO/MainProcess] Connected to redis://localhost:6379/0
[2017-10-25 13:56:26,406: DEBUG/MainProcess] ^-- substep ok
[2017-10-25 13:56:26,406: DEBUG/MainProcess] | Consumer: Starting Events
[2017-10-25 13:56:26,413: DEBUG/MainProcess] ^-- substep ok
[2017-10-25 13:56:26,414: DEBUG/MainProcess] | Consumer: Starting Mingle
[2017-10-25 13:56:26,414: INFO/MainProcess] mingle: searching for neighbors
[2017-10-25 13:56:27,419: INFO/MainProcess] mingle: all alone
[2017-10-25 13:56:27,419: DEBUG/MainProcess] ^-- substep ok
[2017-10-25 13:56:27,420: DEBUG/MainProcess] | Consumer: Starting Tasks
[2017-10-25 13:56:27,428: DEBUG/MainProcess] ^-- substep ok
[2017-10-25 13:56:27,429: DEBUG/MainProcess] | Consumer: Starting Control
[2017-10-25 13:56:27,435: DEBUG/MainProcess] ^-- substep ok
[2017-10-25 13:56:27,436: DEBUG/MainProcess] | Consumer: Starting Heart
[2017-10-25 13:56:27,439: DEBUG/MainProcess] ^-- substep ok
[2017-10-25 13:56:27,439: DEBUG/MainProcess] | Consumer: Starting Gossip
[2017-10-25 13:56:27,447: DEBUG/MainProcess] ^-- substep ok
[2017-10-25 13:56:27,447: DEBUG/MainProcess] | Consumer: Starting event loop
[2017-10-25 13:56:27,449: WARNING/MainProcess] /home/admin3/Project/venv/local/lib/python2.7/site-packages/celery/fixups/django.py:265: UserWarning: Using settings.DEBUG leads to a memory leak, never use this setting in production environments!
  warnings.warn('Using settings.DEBUG leads to a memory leak, never '

[2017-10-25 13:56:27,450: WARNING/MainProcess] q2@priority_queue_worker ready.
[2017-10-25 13:56:27,450: DEBUG/MainProcess] | Worker: Hub.register Pool...
[2017-10-25 13:56:27,451: DEBUG/MainProcess] basic.qos: prefetch_count->16
[2017-10-25 13:56:27,492: DEBUG/MainProcess] less_queue_worker@priority_queue_worker joined the party
[2017-10-25 13:56:27,732: DEBUG/MainProcess] q1@priority_queue_worker joined the party
[2017-10-25 13:56:28,786: DEBUG/MainProcess] less_queue@priority_queue_worker joined the party
[2017-10-25 13:56:29,265: DEBUG/MainProcess] pidbox received method enable_events() [reply_to:None ticket:None]
[2017-10-25 13:56:29,266: INFO/MainProcess] Events of group {task} enabled by remote.
[2017-10-25 13:56:34,265: DEBUG/MainProcess] pidbox received method enable_events() [reply_to:None ticket:None]
[2017-10-25 13:56:39,267: DEBUG/MainProcess] pidbox received method enable_events() [reply_to:None ticket:None]
[2017-10-25 13:56:44,265: DEBUG/MainProcess] pidbox received method enable_events() [reply_to:None ticket:None]
[2017-10-25 13:56:49,265: DEBUG/MainProcess] pidbox received method enable_events() [reply_to:None ticket:None]
[2017-10-25 13:56:54,267: DEBUG/MainProcess] pidbox received method enable_events() [reply_to:None ticket:None]
[2017-10-25 13:56:59,265: DEBUG/MainProcess] pidbox received method enable_events() [reply_to:None ticket:None]
[2017-10-25 13:57:04,267: DEBUG/MainProcess] pidbox received method enable_events() [reply_to:None ticket:None]
[2017-10-25 13:57:09,265: DEBUG/MainProcess] pidbox received method enable_events() [reply_to:None ticket:None]
[2017-10-25 13:57:14,265: DEBUG/MainProcess] pidbox received method enable_events() [reply_to:None ticket:None]
[2017-10-25 13:57:19,265: DEBUG/MainProcess] pidbox received method enable_events() [reply_to:None ticket:None]
[2017-10-25 13:57:24,267: DEBUG/MainProcess] pidbox received method enable_events() [reply_to:None ticket:None]
[2017-10-25 13:57:29,264: DEBUG/MainProcess] pidbox received method enable_events() [reply_to:None ticket:None]
[2017-10-25 13:57:34,268: DEBUG/MainProcess] pidbox received method enable_events() [reply_to:None ticket:None]
[2017-10-25 13:57:39,265: DEBUG/MainProcess] pidbox received method enable_events() [reply_to:None ticket:None]
[2017-10-25 13:57:44,265: DEBUG/MainProcess] pidbox received method enable_events() [reply_to:None ticket:None]
[2017-10-25 13:57:46,080: DEBUG/MainProcess] pidbox received method heartbeat() [reply_to:None ticket:None]
[2017-10-25 13:57:46,080: DEBUG/MainProcess] Heartbeat requested by remote.
[2017-10-25 13:57:46,083: DEBUG/MainProcess] pidbox received method dump_schedule(safe=False) [reply_to:{u'routing_key': u'd4c8684b-2cce-3183-9b42-5ee5b85816fe', u'exchange': u'reply.celery.pidbox'} ticket:739d8e99-31d9-4cf7-9dba-c292ac62f563]
[2017-10-25 13:57:46,087: DEBUG/MainProcess] pidbox received method stats() [reply_to:{u'routing_key': u'1120b684-d24e-3868-a554-aa1981b329a8', u'exchange': u'reply.celery.pidbox'} ticket:da1fb2e0-e191-4ef0-9585-03def26b7ead]
[2017-10-25 13:57:46,095: DEBUG/MainProcess] pidbox received method dump_tasks(taskinfoitems=[]) [reply_to:{u'routing_key': u'0cf9c424-1647-38bc-9672-e21a375dc0bd', u'exchange': u'reply.celery.pidbox'} ticket:565f6a88-0934-418c-acc5-cd8dc25eded9]
[2017-10-25 13:57:46,101: DEBUG/MainProcess] pidbox received method active_queues() [reply_to:{u'routing_key': u'69780381-54c5-37c7-8d4d-175fa6468c4c', u'exchange': u'reply.celery.pidbox'} ticket:769bce1f-64ac-40b6-8d28-1bf51decd4c5]
[2017-10-25 13:57:47,153: DEBUG/MainProcess] pidbox received method dump_active(safe=False) [reply_to:{u'routing_key': u'69780381-54c5-37c7-8d4d-175fa6468c4c', u'exchange': u'reply.celery.pidbox'} ticket:2ceb58c5-79ef-4f2a-9748-a06cabdb29f4]
[2017-10-25 13:57:47,162: DEBUG/MainProcess] pidbox received method dump_conf(with_defaults=False) [reply_to:{u'routing_key': u'1120b684-d24e-3868-a554-aa1981b329a8', u'exchange': u'reply.celery.pidbox'} ticket:2286443a-2b9b-4616-9c4a-c4df1c957994]
[2017-10-25 13:57:47,181: DEBUG/MainProcess] pidbox received method dump_reserved(safe=False) [reply_to:{u'routing_key': u'd4c8684b-2cce-3183-9b42-5ee5b85816fe', u'exchange': u'reply.celery.pidbox'} ticket:fa419e49-9f7b-4481-a73c-19d059a737b7]
[2017-10-25 13:57:51,047: DEBUG/MainProcess] pidbox received method dump_revoked() [reply_to:{u'routing_key': u'0cf9c424-1647-38bc-9672-e21a375dc0bd', u'exchange': u'reply.celery.pidbox'} ticket:d2d4af4c-1903-4c5f-9283-39c167431b1d]
[2017-10-25 13:57:51,052: DEBUG/MainProcess] pidbox received method enable_events() [reply_to:None ticket:None]
[2017-10-25 13:57:56,046: DEBUG/MainProcess] pidbox received method enable_events() [reply_to:None ticket:None]
[2017-10-25 13:58:01,043: DEBUG/MainProcess] pidbox received method enable_events() [reply_to:None ticket:None]
[2017-10-25 13:58:02,875: DEBUG/MainProcess] | Worker: Closing Hub...
[2017-10-25 13:58:02,875: DEBUG/MainProcess] | Worker: Closing Pool...
[2017-10-25 13:58:02,875: DEBUG/MainProcess] | Worker: Closing Consumer...
[2017-10-25 13:58:02,875: DEBUG/MainProcess] | Worker: Stopping Consumer...
[2017-10-25 13:58:02,876: DEBUG/MainProcess] | Consumer: Closing Connection...
[2017-10-25 13:58:02,876: DEBUG/MainProcess] | Consumer: Closing Events...
[2017-10-25 13:58:02,876: DEBUG/MainProcess] | Consumer: Closing Mingle...
[2017-10-25 13:58:02,876: DEBUG/MainProcess] | Consumer: Closing Tasks...
[2017-10-25 13:58:02,876: DEBUG/MainProcess] | Consumer: Closing Control...
[2017-10-25 13:58:02,876: DEBUG/MainProcess] | Consumer: Closing Heart...
[2017-10-25 13:58:02,876: DEBUG/MainProcess] | Consumer: Closing Gossip...
[2017-10-25 13:58:02,876: DEBUG/MainProcess] | Consumer: Closing event loop...
[2017-10-25 13:58:02,877: DEBUG/MainProcess] | Consumer: Stopping event loop...
[2017-10-25 13:58:02,877: DEBUG/MainProcess] | Consumer: Stopping Gossip...
[2017-10-25 13:58:02,882: DEBUG/MainProcess] | Consumer: Stopping Heart...
[2017-10-25 13:58:02,884: DEBUG/MainProcess] | Consumer: Stopping Control...
[2017-10-25 13:58:02,887: DEBUG/MainProcess] | Consumer: Stopping Tasks...
[2017-10-25 13:58:02,887: DEBUG/MainProcess] Canceling task consumer...
[2017-10-25 13:58:02,887: DEBUG/MainProcess] | Consumer: Stopping Mingle...
[2017-10-25 13:58:02,887: DEBUG/MainProcess] | Consumer: Stopping Events...
[2017-10-25 13:58:02,887: DEBUG/MainProcess] | Consumer: Stopping Connection...
[2017-10-25 13:58:02,887: DEBUG/MainProcess] | Worker: Stopping Pool...
[2017-10-25 13:58:03,937: DEBUG/MainProcess] | Worker: Stopping Hub...
[2017-10-25 13:58:03,938: DEBUG/MainProcess] | Consumer: Shutdown Gossip...
[2017-10-25 13:58:03,939: DEBUG/MainProcess] | Consumer: Shutdown Heart...
[2017-10-25 13:58:03,939: DEBUG/MainProcess] | Consumer: Shutdown Control...
[2017-10-25 13:58:03,940: DEBUG/MainProcess] | Consumer: Shutdown Tasks...
[2017-10-25 13:58:03,941: DEBUG/MainProcess] Canceling task consumer...
[2017-10-25 13:58:03,941: DEBUG/MainProcess] Closing consumer channel...
[2017-10-25 13:58:03,942: DEBUG/MainProcess] | Consumer: Shutdown Events...
[2017-10-25 13:58:03,943: DEBUG/MainProcess] | Consumer: Shutdown Connection...
[2017-10-25 13:58:03,946: DEBUG/MainProcess] removing tasks from inqueue until task handler finished
